--------------- Rebuild Started: 12/15/2021 01:35:59 Project: Project1A, Configuration: ARM GCC 5.4-2016-q2-update Debug ---------------
Deleting file ".\CortexM3\ARM_GCC_541\Debug\main.o"
Deleting file ".\CortexM3\ARM_GCC_541\Debug\port.o"
Deleting file ".\CortexM3\ARM_GCC_541\Debug\heap_1.o"
Deleting file ".\CortexM3\ARM_GCC_541\Debug\croutine.o"
Deleting file ".\CortexM3\ARM_GCC_541\Debug\event_groups.o"
Deleting file ".\CortexM3\ARM_GCC_541\Debug\FreeRTOS_PSoC.o"
Deleting file ".\CortexM3\ARM_GCC_541\Debug\list.o"
Deleting file ".\CortexM3\ARM_GCC_541\Debug\queue.o"
Deleting file ".\CortexM3\ARM_GCC_541\Debug\stream_buffer.o"
Deleting file ".\CortexM3\ARM_GCC_541\Debug\tasks.o"
Deleting file ".\CortexM3\ARM_GCC_541\Debug\timers.o"
Deleting file ".\CortexM3\ARM_GCC_541\Debug\cyfitter_cfg.o"
Deleting file ".\CortexM3\ARM_GCC_541\Debug\cymetadata.o"
Deleting file ".\CortexM3\ARM_GCC_541\Debug\Cm3Start.o"
Deleting file ".\CortexM3\ARM_GCC_541\Debug\CyBootAsmGnu.o"
Deleting file ".\CortexM3\ARM_GCC_541\Debug\CyDmac.o"
Deleting file ".\CortexM3\ARM_GCC_541\Debug\CyFlash.o"
Deleting file ".\CortexM3\ARM_GCC_541\Debug\CyLib.o"
Deleting file ".\CortexM3\ARM_GCC_541\Debug\cyPm.o"
Deleting file ".\CortexM3\ARM_GCC_541\Debug\CySpc.o"
Deleting file ".\CortexM3\ARM_GCC_541\Debug\cyutils.o"
Deleting file ".\CortexM3\ARM_GCC_541\Debug\cy_em_eeprom.o"
Deleting file ".\CortexM3\ARM_GCC_541\Debug\LCD.o"
Deleting file ".\CortexM3\ARM_GCC_541\Debug\LCD_PM.o"
Deleting file ".\CortexM3\ARM_GCC_541\Debug\LCD_LCDPort.o"
Deleting file ".\CortexM3\ARM_GCC_541\Debug\PRes.o"
Deleting file ".\CortexM3\ARM_GCC_541\Debug\inTemp.o"
Deleting file ".\CortexM3\ARM_GCC_541\Debug\outTemp.o"
Deleting file ".\CortexM3\ARM_GCC_541\Debug\AMUX.o"
Deleting file ".\CortexM3\ARM_GCC_541\Debug\SARADC.o"
Deleting file ".\CortexM3\ARM_GCC_541\Debug\SARADC_INT.o"
Deleting file ".\CortexM3\ARM_GCC_541\Debug\SARADC_PM.o"
Deleting file ".\CortexM3\ARM_GCC_541\Debug\SERVOPWM.o"
Deleting file ".\CortexM3\ARM_GCC_541\Debug\SERVOPWM_PM.o"
Deleting file ".\CortexM3\ARM_GCC_541\Debug\Clock_1.o"
Deleting file ".\CortexM3\ARM_GCC_541\Debug\UART.o"
Deleting file ".\CortexM3\ARM_GCC_541\Debug\UART_PM.o"
Deleting file ".\CortexM3\ARM_GCC_541\Debug\UART_INT.o"
Deleting file ".\CortexM3\ARM_GCC_541\Debug\UART_BOOT.o"
Deleting file ".\CortexM3\ARM_GCC_541\Debug\ISR_UART.o"
Deleting file ".\CortexM3\ARM_GCC_541\Debug\SARADC_IRQ.o"
Deleting file ".\CortexM3\ARM_GCC_541\Debug\SARADC_theACLK.o"
Deleting file ".\CortexM3\ARM_GCC_541\Debug\UART_IntClock.o"
Deleting file ".\CortexM3\ARM_GCC_541\Debug\SERVO.o"
Deleting file ".\CortexM3\ARM_GCC_541\Debug\UVLight.o"
Deleting file ".\CortexM3\ARM_GCC_541\Debug\Fan.o"
Deleting file ".\CortexM3\ARM_GCC_541\Debug\HeatPad.o"
Deleting file ".\CortexM3\ARM_GCC_541\Debug\Project1A.hex"
Deleting file ".\CortexM3\ARM_GCC_541\Debug\Project1A.elf"
Deleting file ".\CortexM3\ARM_GCC_541\Debug\Project1A.map"
Deleting file ".\Project1A.cycdx"
Deleting file ".\Project1A.svd"
Deleting file ".\Project1A.rpt"
Deleting file ".\Project1A_timing.html"
Deleting file ".\CortexM3\ARM_GCC_541\Debug\.deps\SOURCE_C__ARM_GCC_GENERIC.P"
Deleting file ".\CortexM3\ARM_GCC_541\Debug\.deps\SOURCE_ASM__ARM_GCC_GENERIC.P"
cydsfit.exe -.appdatapath "C:\Users\vincent\AppData\Local\Cypress Semiconductor\PSoC Creator\4.4" -.fdsnotice -.fdswarpdepfile=warp_dependencies.txt -.fdselabdepfile=elab_dependencies.txt -.fdsbldfile=generated_files.txt -.fdsreffile=referenced_files.txt -p "C:\Users\vincent\Documents\PSoC Creator\ReformatWorkspace\Project1A.cydsn\Project1A.cyprj" -d CY8C5888LTI-LP097 -s "C:\Users\vincent\Documents\PSoC Creator\ReformatWorkspace\Project1A.cydsn\Generated_Source\PSoC5" -- -yv2 -q10 -ygs -o2 -v3 -.fftcfgtype=LE
Elaborating Design...
HDL Generation...
Synthesis...
Tech Mapping...
Analog Placement...
Log: apr.M0058: The analog placement iterative improvement is 48% done. (App=cydsfit)
Analog Routing...
Analog Code Generation...
Digital Placement...
Digital Routing...
Bitstream Generation...
Bitstream Verification...
Static timing analysis...
API Generation...
Dependency Generation...
Cleanup...
arm-none-eabi-gcc.exe -mcpu=cortex-m3 -mthumb -I..\..\FreeRTOS -I..\..\FreeRTOS\include -I..\..\FreeRTOS\portable\GCC\ARM_CM3 -I..\..\FreeRTOS\portable\MemMang -I. -IGenerated_Source\PSoC5 -Wa,-alh=.\CortexM3\ARM_GCC_541\Debug/main.lst -g -D DEBUG -D CY_CORE_ID=0 -D RTOS_USED -Wall -ffunction-sections -ffat-lto-objects -Og -c main.c -o .\CortexM3\ARM_GCC_541\Debug\main.o
main.c: In function 'vTasks':
main.c:355:29: warning: unused variable 'str' [-Wunused-variable]
     char                    str[60];
                             ^
arm-none-eabi-gcc.exe -mcpu=cortex-m3 -mthumb -I..\..\FreeRTOS -I..\..\FreeRTOS\include -I..\..\FreeRTOS\portable\GCC\ARM_CM3 -I..\..\FreeRTOS\portable\MemMang -I. -IGenerated_Source\PSoC5 -Wa,-alh=.\CortexM3\ARM_GCC_541\Debug/port.lst -g -D DEBUG -D CY_CORE_ID=0 -D RTOS_USED -Wall -ffunction-sections -ffat-lto-objects -Og -c ..\..\FreeRTOS\portable\GCC\ARM_CM3\port.c -o .\CortexM3\ARM_GCC_541\Debug\port.o
arm-none-eabi-gcc.exe -mcpu=cortex-m3 -mthumb -I..\..\FreeRTOS -I..\..\FreeRTOS\include -I..\..\FreeRTOS\portable\GCC\ARM_CM3 -I..\..\FreeRTOS\portable\MemMang -I. -IGenerated_Source\PSoC5 -Wa,-alh=.\CortexM3\ARM_GCC_541\Debug/heap_1.lst -g -D DEBUG -D CY_CORE_ID=0 -D RTOS_USED -Wall -ffunction-sections -ffat-lto-objects -Og -c ..\..\FreeRTOS\portable\MemMang\heap_1.c -o .\CortexM3\ARM_GCC_541\Debug\heap_1.o
arm-none-eabi-gcc.exe -mcpu=cortex-m3 -mthumb -I..\..\FreeRTOS -I..\..\FreeRTOS\include -I..\..\FreeRTOS\portable\GCC\ARM_CM3 -I..\..\FreeRTOS\portable\MemMang -I. -IGenerated_Source\PSoC5 -Wa,-alh=.\CortexM3\ARM_GCC_541\Debug/croutine.lst -g -D DEBUG -D CY_CORE_ID=0 -D RTOS_USED -Wall -ffunction-sections -ffat-lto-objects -Og -c ..\..\FreeRTOS\croutine.c -o .\CortexM3\ARM_GCC_541\Debug\croutine.o
arm-none-eabi-gcc.exe -mcpu=cortex-m3 -mthumb -I..\..\FreeRTOS -I..\..\FreeRTOS\include -I..\..\FreeRTOS\portable\GCC\ARM_CM3 -I..\..\FreeRTOS\portable\MemMang -I. -IGenerated_Source\PSoC5 -Wa,-alh=.\CortexM3\ARM_GCC_541\Debug/event_groups.lst -g -D DEBUG -D CY_CORE_ID=0 -D RTOS_USED -Wall -ffunction-sections -ffat-lto-objects -Og -c ..\..\FreeRTOS\event_groups.c -o .\CortexM3\ARM_GCC_541\Debug\event_groups.o
arm-none-eabi-gcc.exe -mcpu=cortex-m3 -mthumb -I..\..\FreeRTOS -I..\..\FreeRTOS\include -I..\..\FreeRTOS\portable\GCC\ARM_CM3 -I..\..\FreeRTOS\portable\MemMang -I. -IGenerated_Source\PSoC5 -Wa,-alh=.\CortexM3\ARM_GCC_541\Debug/FreeRTOS_PSoC.lst -g -D DEBUG -D CY_CORE_ID=0 -D RTOS_USED -Wall -ffunction-sections -ffat-lto-objects -Og -c ..\..\FreeRTOS\FreeRTOS_PSoC.c -o .\CortexM3\ARM_GCC_541\Debug\FreeRTOS_PSoC.o
arm-none-eabi-gcc.exe -mcpu=cortex-m3 -mthumb -I..\..\FreeRTOS -I..\..\FreeRTOS\include -I..\..\FreeRTOS\portable\GCC\ARM_CM3 -I..\..\FreeRTOS\portable\MemMang -I. -IGenerated_Source\PSoC5 -Wa,-alh=.\CortexM3\ARM_GCC_541\Debug/list.lst -g -D DEBUG -D CY_CORE_ID=0 -D RTOS_USED -Wall -ffunction-sections -ffat-lto-objects -Og -c ..\..\FreeRTOS\list.c -o .\CortexM3\ARM_GCC_541\Debug\list.o
arm-none-eabi-gcc.exe -mcpu=cortex-m3 -mthumb -I..\..\FreeRTOS -I..\..\FreeRTOS\include -I..\..\FreeRTOS\portable\GCC\ARM_CM3 -I..\..\FreeRTOS\portable\MemMang -I. -IGenerated_Source\PSoC5 -Wa,-alh=.\CortexM3\ARM_GCC_541\Debug/queue.lst -g -D DEBUG -D CY_CORE_ID=0 -D RTOS_USED -Wall -ffunction-sections -ffat-lto-objects -Og -c ..\..\FreeRTOS\queue.c -o .\CortexM3\ARM_GCC_541\Debug\queue.o
arm-none-eabi-gcc.exe -mcpu=cortex-m3 -mthumb -I..\..\FreeRTOS -I..\..\FreeRTOS\include -I..\..\FreeRTOS\portable\GCC\ARM_CM3 -I..\..\FreeRTOS\portable\MemMang -I. -IGenerated_Source\PSoC5 -Wa,-alh=.\CortexM3\ARM_GCC_541\Debug/stream_buffer.lst -g -D DEBUG -D CY_CORE_ID=0 -D RTOS_USED -Wall -ffunction-sections -ffat-lto-objects -Og -c ..\..\FreeRTOS\stream_buffer.c -o .\CortexM3\ARM_GCC_541\Debug\stream_buffer.o
arm-none-eabi-gcc.exe -mcpu=cortex-m3 -mthumb -I..\..\FreeRTOS -I..\..\FreeRTOS\include -I..\..\FreeRTOS\portable\GCC\ARM_CM3 -I..\..\FreeRTOS\portable\MemMang -I. -IGenerated_Source\PSoC5 -Wa,-alh=.\CortexM3\ARM_GCC_541\Debug/tasks.lst -g -D DEBUG -D CY_CORE_ID=0 -D RTOS_USED -Wall -ffunction-sections -ffat-lto-objects -Og -c ..\..\FreeRTOS\tasks.c -o .\CortexM3\ARM_GCC_541\Debug\tasks.o
arm-none-eabi-gcc.exe -mcpu=cortex-m3 -mthumb -I..\..\FreeRTOS -I..\..\FreeRTOS\include -I..\..\FreeRTOS\portable\GCC\ARM_CM3 -I..\..\FreeRTOS\portable\MemMang -I. -IGenerated_Source\PSoC5 -Wa,-alh=.\CortexM3\ARM_GCC_541\Debug/timers.lst -g -D DEBUG -D CY_CORE_ID=0 -D RTOS_USED -Wall -ffunction-sections -ffat-lto-objects -Og -c ..\..\FreeRTOS\timers.c -o .\CortexM3\ARM_GCC_541\Debug\timers.o
arm-none-eabi-gcc.exe -mcpu=cortex-m3 -mthumb -I..\..\FreeRTOS -I..\..\FreeRTOS\include -I..\..\FreeRTOS\portable\GCC\ARM_CM3 -I..\..\FreeRTOS\portable\MemMang -I. -IGenerated_Source\PSoC5 -Wa,-alh=.\CortexM3\ARM_GCC_541\Debug/cyfitter_cfg.lst -g -D DEBUG -D CY_CORE_ID=0 -D RTOS_USED -Wall -ffunction-sections -ffat-lto-objects -Og -c Generated_Source\PSoC5\cyfitter_cfg.c -o .\CortexM3\ARM_GCC_541\Debug\cyfitter_cfg.o
arm-none-eabi-gcc.exe -mcpu=cortex-m3 -mthumb -I..\..\FreeRTOS -I..\..\FreeRTOS\include -I..\..\FreeRTOS\portable\GCC\ARM_CM3 -I..\..\FreeRTOS\portable\MemMang -I. -IGenerated_Source\PSoC5 -Wa,-alh=.\CortexM3\ARM_GCC_541\Debug/cymetadata.lst -g -D DEBUG -D CY_CORE_ID=0 -D RTOS_USED -Wall -ffunction-sections -ffat-lto-objects -Og -c Generated_Source\PSoC5\cymetadata.c -o .\CortexM3\ARM_GCC_541\Debug\cymetadata.o
arm-none-eabi-gcc.exe -mcpu=cortex-m3 -mthumb -I..\..\FreeRTOS -I..\..\FreeRTOS\include -I..\..\FreeRTOS\portable\GCC\ARM_CM3 -I..\..\FreeRTOS\portable\MemMang -I. -IGenerated_Source\PSoC5 -Wa,-alh=.\CortexM3\ARM_GCC_541\Debug/Cm3Start.lst -g -D DEBUG -D CY_CORE_ID=0 -D RTOS_USED -Wall -ffunction-sections -ffat-lto-objects -Og -c Generated_Source\PSoC5\Cm3Start.c -o .\CortexM3\ARM_GCC_541\Debug\Cm3Start.o
arm-none-eabi-gcc.exe -mcpu=cortex-m3 -mthumb -I..\..\FreeRTOS -I..\..\FreeRTOS\include -I..\..\FreeRTOS\portable\GCC\ARM_CM3 -I..\..\FreeRTOS\portable\MemMang -I. -IGenerated_Source\PSoC5 -Wa,-alh=.\CortexM3\ARM_GCC_541\Debug/CyDmac.lst -g -D DEBUG -D CY_CORE_ID=0 -D RTOS_USED -Wall -ffunction-sections -ffat-lto-objects -Og -c Generated_Source\PSoC5\CyDmac.c -o .\CortexM3\ARM_GCC_541\Debug\CyDmac.o
arm-none-eabi-gcc.exe -mcpu=cortex-m3 -mthumb -I..\..\FreeRTOS -I..\..\FreeRTOS\include -I..\..\FreeRTOS\portable\GCC\ARM_CM3 -I..\..\FreeRTOS\portable\MemMang -I. -IGenerated_Source\PSoC5 -Wa,-alh=.\CortexM3\ARM_GCC_541\Debug/CyFlash.lst -g -D DEBUG -D CY_CORE_ID=0 -D RTOS_USED -Wall -ffunction-sections -ffat-lto-objects -Og -c Generated_Source\PSoC5\CyFlash.c -o .\CortexM3\ARM_GCC_541\Debug\CyFlash.o
arm-none-eabi-gcc.exe -mcpu=cortex-m3 -mthumb -I..\..\FreeRTOS -I..\..\FreeRTOS\include -I..\..\FreeRTOS\portable\GCC\ARM_CM3 -I..\..\FreeRTOS\portable\MemMang -I. -IGenerated_Source\PSoC5 -Wa,-alh=.\CortexM3\ARM_GCC_541\Debug/CyLib.lst -g -D DEBUG -D CY_CORE_ID=0 -D RTOS_USED -Wall -ffunction-sections -ffat-lto-objects -Og -c Generated_Source\PSoC5\CyLib.c -o .\CortexM3\ARM_GCC_541\Debug\CyLib.o
arm-none-eabi-gcc.exe -mcpu=cortex-m3 -mthumb -I..\..\FreeRTOS -I..\..\FreeRTOS\include -I..\..\FreeRTOS\portable\GCC\ARM_CM3 -I..\..\FreeRTOS\portable\MemMang -I. -IGenerated_Source\PSoC5 -Wa,-alh=.\CortexM3\ARM_GCC_541\Debug/cyPm.lst -g -D DEBUG -D CY_CORE_ID=0 -D RTOS_USED -Wall -ffunction-sections -ffat-lto-objects -Og -c Generated_Source\PSoC5\cyPm.c -o .\CortexM3\ARM_GCC_541\Debug\cyPm.o
arm-none-eabi-gcc.exe -mcpu=cortex-m3 -mthumb -I..\..\FreeRTOS -I..\..\FreeRTOS\include -I..\..\FreeRTOS\portable\GCC\ARM_CM3 -I..\..\FreeRTOS\portable\MemMang -I. -IGenerated_Source\PSoC5 -Wa,-alh=.\CortexM3\ARM_GCC_541\Debug/CySpc.lst -g -D DEBUG -D CY_CORE_ID=0 -D RTOS_USED -Wall -ffunction-sections -ffat-lto-objects -Og -c Generated_Source\PSoC5\CySpc.c -o .\CortexM3\ARM_GCC_541\Debug\CySpc.o
arm-none-eabi-gcc.exe -mcpu=cortex-m3 -mthumb -I..\..\FreeRTOS -I..\..\FreeRTOS\include -I..\..\FreeRTOS\portable\GCC\ARM_CM3 -I..\..\FreeRTOS\portable\MemMang -I. -IGenerated_Source\PSoC5 -Wa,-alh=.\CortexM3\ARM_GCC_541\Debug/cyutils.lst -g -D DEBUG -D CY_CORE_ID=0 -D RTOS_USED -Wall -ffunction-sections -ffat-lto-objects -Og -c Generated_Source\PSoC5\cyutils.c -o .\CortexM3\ARM_GCC_541\Debug\cyutils.o
arm-none-eabi-gcc.exe -mcpu=cortex-m3 -mthumb -I..\..\FreeRTOS -I..\..\FreeRTOS\include -I..\..\FreeRTOS\portable\GCC\ARM_CM3 -I..\..\FreeRTOS\portable\MemMang -I. -IGenerated_Source\PSoC5 -Wa,-alh=.\CortexM3\ARM_GCC_541\Debug/cy_em_eeprom.lst -g -D DEBUG -D CY_CORE_ID=0 -D RTOS_USED -Wall -ffunction-sections -ffat-lto-objects -Og -c Generated_Source\PSoC5\cy_em_eeprom.c -o .\CortexM3\ARM_GCC_541\Debug\cy_em_eeprom.o
arm-none-eabi-gcc.exe -mcpu=cortex-m3 -mthumb -I..\..\FreeRTOS -I..\..\FreeRTOS\include -I..\..\FreeRTOS\portable\GCC\ARM_CM3 -I..\..\FreeRTOS\portable\MemMang -I. -IGenerated_Source\PSoC5 -Wa,-alh=.\CortexM3\ARM_GCC_541\Debug/LCD.lst -g -D DEBUG -D CY_CORE_ID=0 -D RTOS_USED -Wall -ffunction-sections -ffat-lto-objects -Og -c Generated_Source\PSoC5\LCD.c -o .\CortexM3\ARM_GCC_541\Debug\LCD.o
arm-none-eabi-gcc.exe -mcpu=cortex-m3 -mthumb -I..\..\FreeRTOS -I..\..\FreeRTOS\include -I..\..\FreeRTOS\portable\GCC\ARM_CM3 -I..\..\FreeRTOS\portable\MemMang -I. -IGenerated_Source\PSoC5 -Wa,-alh=.\CortexM3\ARM_GCC_541\Debug/LCD_PM.lst -g -D DEBUG -D CY_CORE_ID=0 -D RTOS_USED -Wall -ffunction-sections -ffat-lto-objects -Og -c Generated_Source\PSoC5\LCD_PM.c -o .\CortexM3\ARM_GCC_541\Debug\LCD_PM.o
arm-none-eabi-gcc.exe -mcpu=cortex-m3 -mthumb -I..\..\FreeRTOS -I..\..\FreeRTOS\include -I..\..\FreeRTOS\portable\GCC\ARM_CM3 -I..\..\FreeRTOS\portable\MemMang -I. -IGenerated_Source\PSoC5 -Wa,-alh=.\CortexM3\ARM_GCC_541\Debug/LCD_LCDPort.lst -g -D DEBUG -D CY_CORE_ID=0 -D RTOS_USED -Wall -ffunction-sections -ffat-lto-objects -Og -c Generated_Source\PSoC5\LCD_LCDPort.c -o .\CortexM3\ARM_GCC_541\Debug\LCD_LCDPort.o
arm-none-eabi-gcc.exe -mcpu=cortex-m3 -mthumb -I..\..\FreeRTOS -I..\..\FreeRTOS\include -I..\..\FreeRTOS\portable\GCC\ARM_CM3 -I..\..\FreeRTOS\portable\MemMang -I. -IGenerated_Source\PSoC5 -Wa,-alh=.\CortexM3\ARM_GCC_541\Debug/PRes.lst -g -D DEBUG -D CY_CORE_ID=0 -D RTOS_USED -Wall -ffunction-sections -ffat-lto-objects -Og -c Generated_Source\PSoC5\PRes.c -o .\CortexM3\ARM_GCC_541\Debug\PRes.o
arm-none-eabi-gcc.exe -mcpu=cortex-m3 -mthumb -I..\..\FreeRTOS -I..\..\FreeRTOS\include -I..\..\FreeRTOS\portable\GCC\ARM_CM3 -I..\..\FreeRTOS\portable\MemMang -I. -IGenerated_Source\PSoC5 -Wa,-alh=.\CortexM3\ARM_GCC_541\Debug/inTemp.lst -g -D DEBUG -D CY_CORE_ID=0 -D RTOS_USED -Wall -ffunction-sections -ffat-lto-objects -Og -c Generated_Source\PSoC5\inTemp.c -o .\CortexM3\ARM_GCC_541\Debug\inTemp.o
arm-none-eabi-gcc.exe -mcpu=cortex-m3 -mthumb -I..\..\FreeRTOS -I..\..\FreeRTOS\include -I..\..\FreeRTOS\portable\GCC\ARM_CM3 -I..\..\FreeRTOS\portable\MemMang -I. -IGenerated_Source\PSoC5 -Wa,-alh=.\CortexM3\ARM_GCC_541\Debug/outTemp.lst -g -D DEBUG -D CY_CORE_ID=0 -D RTOS_USED -Wall -ffunction-sections -ffat-lto-objects -Og -c Generated_Source\PSoC5\outTemp.c -o .\CortexM3\ARM_GCC_541\Debug\outTemp.o
arm-none-eabi-gcc.exe -mcpu=cortex-m3 -mthumb -I..\..\FreeRTOS -I..\..\FreeRTOS\include -I..\..\FreeRTOS\portable\GCC\ARM_CM3 -I..\..\FreeRTOS\portable\MemMang -I. -IGenerated_Source\PSoC5 -Wa,-alh=.\CortexM3\ARM_GCC_541\Debug/AMUX.lst -g -D DEBUG -D CY_CORE_ID=0 -D RTOS_USED -Wall -ffunction-sections -ffat-lto-objects -Og -c Generated_Source\PSoC5\AMUX.c -o .\CortexM3\ARM_GCC_541\Debug\AMUX.o
arm-none-eabi-gcc.exe -mcpu=cortex-m3 -mthumb -I..\..\FreeRTOS -I..\..\FreeRTOS\include -I..\..\FreeRTOS\portable\GCC\ARM_CM3 -I..\..\FreeRTOS\portable\MemMang -I. -IGenerated_Source\PSoC5 -Wa,-alh=.\CortexM3\ARM_GCC_541\Debug/SARADC.lst -g -D DEBUG -D CY_CORE_ID=0 -D RTOS_USED -Wall -ffunction-sections -ffat-lto-objects -Og -c Generated_Source\PSoC5\SARADC.c -o .\CortexM3\ARM_GCC_541\Debug\SARADC.o
arm-none-eabi-gcc.exe -mcpu=cortex-m3 -mthumb -I..\..\FreeRTOS -I..\..\FreeRTOS\include -I..\..\FreeRTOS\portable\GCC\ARM_CM3 -I..\..\FreeRTOS\portable\MemMang -I. -IGenerated_Source\PSoC5 -Wa,-alh=.\CortexM3\ARM_GCC_541\Debug/SARADC_INT.lst -g -D DEBUG -D CY_CORE_ID=0 -D RTOS_USED -Wall -ffunction-sections -ffat-lto-objects -Og -c Generated_Source\PSoC5\SARADC_INT.c -o .\CortexM3\ARM_GCC_541\Debug\SARADC_INT.o
arm-none-eabi-gcc.exe -mcpu=cortex-m3 -mthumb -I..\..\FreeRTOS -I..\..\FreeRTOS\include -I..\..\FreeRTOS\portable\GCC\ARM_CM3 -I..\..\FreeRTOS\portable\MemMang -I. -IGenerated_Source\PSoC5 -Wa,-alh=.\CortexM3\ARM_GCC_541\Debug/SARADC_PM.lst -g -D DEBUG -D CY_CORE_ID=0 -D RTOS_USED -Wall -ffunction-sections -ffat-lto-objects -Og -c Generated_Source\PSoC5\SARADC_PM.c -o .\CortexM3\ARM_GCC_541\Debug\SARADC_PM.o
arm-none-eabi-gcc.exe -mcpu=cortex-m3 -mthumb -I..\..\FreeRTOS -I..\..\FreeRTOS\include -I..\..\FreeRTOS\portable\GCC\ARM_CM3 -I..\..\FreeRTOS\portable\MemMang -I. -IGenerated_Source\PSoC5 -Wa,-alh=.\CortexM3\ARM_GCC_541\Debug/SERVOPWM.lst -g -D DEBUG -D CY_CORE_ID=0 -D RTOS_USED -Wall -ffunction-sections -ffat-lto-objects -Og -c Generated_Source\PSoC5\SERVOPWM.c -o .\CortexM3\ARM_GCC_541\Debug\SERVOPWM.o
arm-none-eabi-gcc.exe -mcpu=cortex-m3 -mthumb -I..\..\FreeRTOS -I..\..\FreeRTOS\include -I..\..\FreeRTOS\portable\GCC\ARM_CM3 -I..\..\FreeRTOS\portable\MemMang -I. -IGenerated_Source\PSoC5 -Wa,-alh=.\CortexM3\ARM_GCC_541\Debug/SERVOPWM_PM.lst -g -D DEBUG -D CY_CORE_ID=0 -D RTOS_USED -Wall -ffunction-sections -ffat-lto-objects -Og -c Generated_Source\PSoC5\SERVOPWM_PM.c -o .\CortexM3\ARM_GCC_541\Debug\SERVOPWM_PM.o
arm-none-eabi-gcc.exe -mcpu=cortex-m3 -mthumb -I..\..\FreeRTOS -I..\..\FreeRTOS\include -I..\..\FreeRTOS\portable\GCC\ARM_CM3 -I..\..\FreeRTOS\portable\MemMang -I. -IGenerated_Source\PSoC5 -Wa,-alh=.\CortexM3\ARM_GCC_541\Debug/Clock_1.lst -g -D DEBUG -D CY_CORE_ID=0 -D RTOS_USED -Wall -ffunction-sections -ffat-lto-objects -Og -c Generated_Source\PSoC5\Clock_1.c -o .\CortexM3\ARM_GCC_541\Debug\Clock_1.o
arm-none-eabi-gcc.exe -mcpu=cortex-m3 -mthumb -I..\..\FreeRTOS -I..\..\FreeRTOS\include -I..\..\FreeRTOS\portable\GCC\ARM_CM3 -I..\..\FreeRTOS\portable\MemMang -I. -IGenerated_Source\PSoC5 -Wa,-alh=.\CortexM3\ARM_GCC_541\Debug/UART.lst -g -D DEBUG -D CY_CORE_ID=0 -D RTOS_USED -Wall -ffunction-sections -ffat-lto-objects -Og -c Generated_Source\PSoC5\UART.c -o .\CortexM3\ARM_GCC_541\Debug\UART.o
arm-none-eabi-gcc.exe -mcpu=cortex-m3 -mthumb -I..\..\FreeRTOS -I..\..\FreeRTOS\include -I..\..\FreeRTOS\portable\GCC\ARM_CM3 -I..\..\FreeRTOS\portable\MemMang -I. -IGenerated_Source\PSoC5 -Wa,-alh=.\CortexM3\ARM_GCC_541\Debug/UART_PM.lst -g -D DEBUG -D CY_CORE_ID=0 -D RTOS_USED -Wall -ffunction-sections -ffat-lto-objects -Og -c Generated_Source\PSoC5\UART_PM.c -o .\CortexM3\ARM_GCC_541\Debug\UART_PM.o
arm-none-eabi-gcc.exe -mcpu=cortex-m3 -mthumb -I..\..\FreeRTOS -I..\..\FreeRTOS\include -I..\..\FreeRTOS\portable\GCC\ARM_CM3 -I..\..\FreeRTOS\portable\MemMang -I. -IGenerated_Source\PSoC5 -Wa,-alh=.\CortexM3\ARM_GCC_541\Debug/UART_INT.lst -g -D DEBUG -D CY_CORE_ID=0 -D RTOS_USED -Wall -ffunction-sections -ffat-lto-objects -Og -c Generated_Source\PSoC5\UART_INT.c -o .\CortexM3\ARM_GCC_541\Debug\UART_INT.o
arm-none-eabi-gcc.exe -mcpu=cortex-m3 -mthumb -I..\..\FreeRTOS -I..\..\FreeRTOS\include -I..\..\FreeRTOS\portable\GCC\ARM_CM3 -I..\..\FreeRTOS\portable\MemMang -I. -IGenerated_Source\PSoC5 -Wa,-alh=.\CortexM3\ARM_GCC_541\Debug/UART_BOOT.lst -g -D DEBUG -D CY_CORE_ID=0 -D RTOS_USED -Wall -ffunction-sections -ffat-lto-objects -Og -c Generated_Source\PSoC5\UART_BOOT.c -o .\CortexM3\ARM_GCC_541\Debug\UART_BOOT.o
arm-none-eabi-gcc.exe -mcpu=cortex-m3 -mthumb -I..\..\FreeRTOS -I..\..\FreeRTOS\include -I..\..\FreeRTOS\portable\GCC\ARM_CM3 -I..\..\FreeRTOS\portable\MemMang -I. -IGenerated_Source\PSoC5 -Wa,-alh=.\CortexM3\ARM_GCC_541\Debug/ISR_UART.lst -g -D DEBUG -D CY_CORE_ID=0 -D RTOS_USED -Wall -ffunction-sections -ffat-lto-objects -Og -c Generated_Source\PSoC5\ISR_UART.c -o .\CortexM3\ARM_GCC_541\Debug\ISR_UART.o
arm-none-eabi-gcc.exe -mcpu=cortex-m3 -mthumb -I..\..\FreeRTOS -I..\..\FreeRTOS\include -I..\..\FreeRTOS\portable\GCC\ARM_CM3 -I..\..\FreeRTOS\portable\MemMang -I. -IGenerated_Source\PSoC5 -Wa,-alh=.\CortexM3\ARM_GCC_541\Debug/SARADC_IRQ.lst -g -D DEBUG -D CY_CORE_ID=0 -D RTOS_USED -Wall -ffunction-sections -ffat-lto-objects -Og -c Generated_Source\PSoC5\SARADC_IRQ.c -o .\CortexM3\ARM_GCC_541\Debug\SARADC_IRQ.o
arm-none-eabi-gcc.exe -mcpu=cortex-m3 -mthumb -I..\..\FreeRTOS -I..\..\FreeRTOS\include -I..\..\FreeRTOS\portable\GCC\ARM_CM3 -I..\..\FreeRTOS\portable\MemMang -I. -IGenerated_Source\PSoC5 -Wa,-alh=.\CortexM3\ARM_GCC_541\Debug/SARADC_theACLK.lst -g -D DEBUG -D CY_CORE_ID=0 -D RTOS_USED -Wall -ffunction-sections -ffat-lto-objects -Og -c Generated_Source\PSoC5\SARADC_theACLK.c -o .\CortexM3\ARM_GCC_541\Debug\SARADC_theACLK.o
arm-none-eabi-gcc.exe -mcpu=cortex-m3 -mthumb -I..\..\FreeRTOS -I..\..\FreeRTOS\include -I..\..\FreeRTOS\portable\GCC\ARM_CM3 -I..\..\FreeRTOS\portable\MemMang -I. -IGenerated_Source\PSoC5 -Wa,-alh=.\CortexM3\ARM_GCC_541\Debug/UART_IntClock.lst -g -D DEBUG -D CY_CORE_ID=0 -D RTOS_USED -Wall -ffunction-sections -ffat-lto-objects -Og -c Generated_Source\PSoC5\UART_IntClock.c -o .\CortexM3\ARM_GCC_541\Debug\UART_IntClock.o
arm-none-eabi-gcc.exe -mcpu=cortex-m3 -mthumb -I..\..\FreeRTOS -I..\..\FreeRTOS\include -I..\..\FreeRTOS\portable\GCC\ARM_CM3 -I..\..\FreeRTOS\portable\MemMang -I. -IGenerated_Source\PSoC5 -Wa,-alh=.\CortexM3\ARM_GCC_541\Debug/SERVO.lst -g -D DEBUG -D CY_CORE_ID=0 -D RTOS_USED -Wall -ffunction-sections -ffat-lto-objects -Og -c Generated_Source\PSoC5\SERVO.c -o .\CortexM3\ARM_GCC_541\Debug\SERVO.o
arm-none-eabi-gcc.exe -mcpu=cortex-m3 -mthumb -I..\..\FreeRTOS -I..\..\FreeRTOS\include -I..\..\FreeRTOS\portable\GCC\ARM_CM3 -I..\..\FreeRTOS\portable\MemMang -I. -IGenerated_Source\PSoC5 -Wa,-alh=.\CortexM3\ARM_GCC_541\Debug/UVLight.lst -g -D DEBUG -D CY_CORE_ID=0 -D RTOS_USED -Wall -ffunction-sections -ffat-lto-objects -Og -c Generated_Source\PSoC5\UVLight.c -o .\CortexM3\ARM_GCC_541\Debug\UVLight.o
arm-none-eabi-gcc.exe -mcpu=cortex-m3 -mthumb -I..\..\FreeRTOS -I..\..\FreeRTOS\include -I..\..\FreeRTOS\portable\GCC\ARM_CM3 -I..\..\FreeRTOS\portable\MemMang -I. -IGenerated_Source\PSoC5 -Wa,-alh=.\CortexM3\ARM_GCC_541\Debug/Fan.lst -g -D DEBUG -D CY_CORE_ID=0 -D RTOS_USED -Wall -ffunction-sections -ffat-lto-objects -Og -c Generated_Source\PSoC5\Fan.c -o .\CortexM3\ARM_GCC_541\Debug\Fan.o
arm-none-eabi-gcc.exe -mcpu=cortex-m3 -mthumb -I..\..\FreeRTOS -I..\..\FreeRTOS\include -I..\..\FreeRTOS\portable\GCC\ARM_CM3 -I..\..\FreeRTOS\portable\MemMang -I. -IGenerated_Source\PSoC5 -Wa,-alh=.\CortexM3\ARM_GCC_541\Debug/HeatPad.lst -g -D DEBUG -D CY_CORE_ID=0 -D RTOS_USED -Wall -ffunction-sections -ffat-lto-objects -Og -c Generated_Source\PSoC5\HeatPad.c -o .\CortexM3\ARM_GCC_541\Debug\HeatPad.o
arm-none-eabi-as.exe -mcpu=cortex-m3 -mthumb -I. -IGenerated_Source\PSoC5 -alh=.\CortexM3\ARM_GCC_541\Debug/CyBootAsmGnu.lst -g -W -o .\CortexM3\ARM_GCC_541\Debug\CyBootAsmGnu.o Generated_Source\PSoC5\CyBootAsmGnu.s
arm-none-eabi-ar.exe -rs .\CortexM3\ARM_GCC_541\Debug\Project1A.a .\CortexM3\ARM_GCC_541\Debug\CyDmac.o .\CortexM3\ARM_GCC_541\Debug\CyFlash.o .\CortexM3\ARM_GCC_541\Debug\CyLib.o .\CortexM3\ARM_GCC_541\Debug\cyPm.o .\CortexM3\ARM_GCC_541\Debug\CySpc.o .\CortexM3\ARM_GCC_541\Debug\cyutils.o .\CortexM3\ARM_GCC_541\Debug\cy_em_eeprom.o .\CortexM3\ARM_GCC_541\Debug\LCD.o .\CortexM3\ARM_GCC_541\Debug\LCD_PM.o .\CortexM3\ARM_GCC_541\Debug\LCD_LCDPort.o .\CortexM3\ARM_GCC_541\Debug\PRes.o .\CortexM3\ARM_GCC_541\Debug\inTemp.o .\CortexM3\ARM_GCC_541\Debug\outTemp.o .\CortexM3\ARM_GCC_541\Debug\AMUX.o .\CortexM3\ARM_GCC_541\Debug\SARADC.o .\CortexM3\ARM_GCC_541\Debug\SARADC_INT.o .\CortexM3\ARM_GCC_541\Debug\SARADC_PM.o .\CortexM3\ARM_GCC_541\Debug\SERVOPWM.o .\CortexM3\ARM_GCC_541\Debug\SERVOPWM_PM.o .\CortexM3\ARM_GCC_541\Debug\Clock_1.o .\CortexM3\ARM_GCC_541\Debug\UART.o .\CortexM3\ARM_GCC_541\Debug\UART_PM.o .\CortexM3\ARM_GCC_541\Debug\UART_INT.o .\CortexM3\ARM_GCC_541\Debug\UART_BOOT.o .\CortexM3\ARM_GCC_541\Debug\ISR_UART.o .\CortexM3\ARM_GCC_541\Debug\SARADC_IRQ.o .\CortexM3\ARM_GCC_541\Debug\SARADC_theACLK.o .\CortexM3\ARM_GCC_541\Debug\UART_IntClock.o .\CortexM3\ARM_GCC_541\Debug\SERVO.o .\CortexM3\ARM_GCC_541\Debug\UVLight.o .\CortexM3\ARM_GCC_541\Debug\Fan.o .\CortexM3\ARM_GCC_541\Debug\HeatPad.o .\CortexM3\ARM_GCC_541\Debug\CyBootAsmGnu.o
arm-none-eabi-ar.exe: creating .\CortexM3\ARM_GCC_541\Debug\Project1A.a
arm-none-eabi-gcc.exe -Wl,--start-group -o "C:\Users\vincent\Documents\PSoC Creator\ReformatWorkspace\Project1A.cydsn\CortexM3\ARM_GCC_541\Debug\Project1A.elf" .\CortexM3\ARM_GCC_541\Debug\main.o .\CortexM3\ARM_GCC_541\Debug\port.o .\CortexM3\ARM_GCC_541\Debug\heap_1.o .\CortexM3\ARM_GCC_541\Debug\croutine.o .\CortexM3\ARM_GCC_541\Debug\event_groups.o .\CortexM3\ARM_GCC_541\Debug\FreeRTOS_PSoC.o .\CortexM3\ARM_GCC_541\Debug\list.o .\CortexM3\ARM_GCC_541\Debug\queue.o .\CortexM3\ARM_GCC_541\Debug\stream_buffer.o .\CortexM3\ARM_GCC_541\Debug\tasks.o .\CortexM3\ARM_GCC_541\Debug\timers.o .\CortexM3\ARM_GCC_541\Debug\cyfitter_cfg.o .\CortexM3\ARM_GCC_541\Debug\cymetadata.o .\CortexM3\ARM_GCC_541\Debug\Cm3Start.o .\CortexM3\ARM_GCC_541\Debug\Project1A.a "C:\Program Files (x86)\Cypress\PSoC Creator\4.4\PSoC Creator\psoc\content\cycomponentlibrary\CyComponentLibrary.cylib\CortexM3\ARM_GCC_541\Debug\CyComponentLibrary.a" -mcpu=cortex-m3 -mthumb -l m -L Generated_Source\PSoC5 -Wl,-Map,.\CortexM3\ARM_GCC_541\Debug/Project1A.map -T Generated_Source\PSoC5\cm3gcc.ld -specs=nano.specs -u _printf_float -Wl,--gc-sections -g -ffunction-sections -Og -ffat-lto-objects -Wl,--end-group
cyelftool.exe -C "C:\Users\vincent\Documents\PSoC Creator\ReformatWorkspace\Project1A.cydsn\CortexM3\ARM_GCC_541\Debug\Project1A.elf" --flash_row_size 256 --flash_size 262144 --flash_offset 0x00000000
No ELF section .cychecksum found, creating one
Application checksum calculated and stored in ELF section .cychecksum
Checksum calculated and stored in ELF section .cymeta
cyelftool.exe -S "C:\Users\vincent\Documents\PSoC Creator\ReformatWorkspace\Project1A.cydsn\CortexM3\ARM_GCC_541\Debug\Project1A.elf"
Flash used: 24628 of 262144 bytes (9.4%).
SRAM used: 38681 of 65536 bytes (59.0%). Stack: 4608 bytes. Heap: 512 bytes.
--------------- Rebuild Succeeded: 12/15/2021 01:36:43 ---------------
