ARM GAS  C:\Users\vincent\AppData\Local\Temp\ccOG2qZf.s 			page 1


   1              		.syntax unified
   2              		.cpu cortex-m3
   3              		.fpu softvfp
   4              		.eabi_attribute 20, 1
   5              		.eabi_attribute 21, 1
   6              		.eabi_attribute 23, 3
   7              		.eabi_attribute 24, 1
   8              		.eabi_attribute 25, 1
   9              		.eabi_attribute 26, 1
  10              		.eabi_attribute 30, 1
  11              		.eabi_attribute 34, 1
  12              		.eabi_attribute 18, 4
  13              		.thumb
  14              		.syntax unified
  15              		.file	"cymetadata.c"
  16              		.text
  17              	.Ltext0:
  18              		.cfi_sections	.debug_frame
  19              		.global	cy_metadata
  20              		.global	cy_meta_flashprotect
  21              		.global	cy_meta_wonvl
  22              		.global	cy_meta_custnvl
  23              		.global	cy_meta_configecc
  24              		.section	.cyconfigecc,"a",%progbits
  25              		.align	2
  26              		.type	cy_meta_configecc, %object
  27              		.size	cy_meta_configecc, 1196
  28              	cy_meta_configecc:
  29 0000 02       		.byte	2
  30 0001 52       		.byte	82
  31 0002 00       		.byte	0
  32 0003 40       		.byte	64
  33 0004 02       		.byte	2
  34 0005 64       		.byte	100
  35 0006 00       		.byte	0
  36 0007 40       		.byte	64
  37 0008 02       		.byte	2
  38 0009 65       		.byte	101
  39 000a 00       		.byte	0
  40 000b 40       		.byte	64
  41 000c 01       		.byte	1
  42 000d 07       		.byte	7
  43 000e 01       		.byte	1
  44 000f 40       		.byte	64
  45 0010 65       		.byte	101
  46 0011 08       		.byte	8
  47 0012 01       		.byte	1
  48 0013 40       		.byte	64
  49 0014 3E       		.byte	62
  50 0015 09       		.byte	9
  51 0016 01       		.byte	1
  52 0017 40       		.byte	64
  53 0018 02       		.byte	2
  54 0019 15       		.byte	21
  55 001a 01       		.byte	1
  56 001b 40       		.byte	64
  57 001c 1B       		.byte	27
ARM GAS  C:\Users\vincent\AppData\Local\Temp\ccOG2qZf.s 			page 2


  58 001d 18       		.byte	24
  59 001e 01       		.byte	1
  60 001f 40       		.byte	64
  61 0020 46       		.byte	70
  62 0021 19       		.byte	25
  63 0022 01       		.byte	1
  64 0023 40       		.byte	64
  65 0024 4E       		.byte	78
  66 0025 1A       		.byte	26
  67 0026 01       		.byte	1
  68 0027 40       		.byte	64
  69 0028 47       		.byte	71
  70 0029 1B       		.byte	27
  71 002a 01       		.byte	1
  72 002b 40       		.byte	64
  73 002c 05       		.byte	5
  74 002d 40       		.byte	64
  75 002e 01       		.byte	1
  76 002f 40       		.byte	64
  77 0030 03       		.byte	3
  78 0031 41       		.byte	65
  79 0032 01       		.byte	1
  80 0033 40       		.byte	64
  81 0034 03       		.byte	3
  82 0035 42       		.byte	66
  83 0036 01       		.byte	1
  84 0037 40       		.byte	64
  85 0038 05       		.byte	5
  86 0039 43       		.byte	67
  87 003a 01       		.byte	1
  88 003b 40       		.byte	64
  89 003c 02       		.byte	2
  90 003d 48       		.byte	72
  91 003e 01       		.byte	1
  92 003f 40       		.byte	64
  93 0040 07       		.byte	7
  94 0041 49       		.byte	73
  95 0042 01       		.byte	1
  96 0043 40       		.byte	64
  97 0044 05       		.byte	5
  98 0045 4C       		.byte	76
  99 0046 01       		.byte	1
 100 0047 40       		.byte	64
 101 0048 0B       		.byte	11
 102 0049 4D       		.byte	77
 103 004a 01       		.byte	1
 104 004b 40       		.byte	64
 105 004c 08       		.byte	8
 106 004d 50       		.byte	80
 107 004e 01       		.byte	1
 108 004f 40       		.byte	64
 109 0050 01       		.byte	1
 110 0051 51       		.byte	81
 111 0052 01       		.byte	1
 112 0053 40       		.byte	64
 113 0054 09       		.byte	9
 114 0055 20       		.byte	32
ARM GAS  C:\Users\vincent\AppData\Local\Temp\ccOG2qZf.s 			page 3


 115 0056 61       		.byte	97
 116 0057 80       		.byte	-128
 117 0058 88       		.byte	-120
 118 0059 0D       		.byte	13
 119 005a 89       		.byte	-119
 120 005b 0F       		.byte	15
 121 005c 89       		.byte	-119
 122 005d 72       		.byte	114
 123 005e 8A       		.byte	-118
 124 005f 38       		.byte	56
 125 0060 E2       		.byte	-30
 126 0061 01       		.byte	1
 127 0062 00       		.byte	0
 128 0063 10       		.byte	16
 129 0064 01       		.byte	1
 130 0065 20       		.byte	32
 131 0066 02       		.byte	2
 132 0067 40       		.byte	64
 133 0068 03       		.byte	3
 134 0069 03       		.byte	3
 135 006a 04       		.byte	4
 136 006b 0C       		.byte	12
 137 006c 05       		.byte	5
 138 006d 11       		.byte	17
 139 006e 06       		.byte	6
 140 006f 71       		.byte	113
 141 0070 07       		.byte	7
 142 0071 06       		.byte	6
 143 0072 08       		.byte	8
 144 0073 09       		.byte	9
 145 0074 09       		.byte	9
 146 0075 0C       		.byte	12
 147 0076 0A       		.byte	10
 148 0077 D0       		.byte	-48
 149 0078 0B       		.byte	11
 150 0079 13       		.byte	19
 151 007a 0E       		.byte	14
 152 007b 03       		.byte	3
 153 007c 18       		.byte	24
 154 007d 10       		.byte	16
 155 007e 1A       		.byte	26
 156 007f AC       		.byte	-84
 157 0080 1B       		.byte	27
 158 0081 0C       		.byte	12
 159 0082 1E       		.byte	30
 160 0083 20       		.byte	32
 161 0084 23       		.byte	35
 162 0085 08       		.byte	8
 163 0086 24       		.byte	36
 164 0087 DC       		.byte	-36
 165 0088 25       		.byte	37
 166 0089 11       		.byte	17
 167 008a 26       		.byte	38
 168 008b 22       		.byte	34
 169 008c 27       		.byte	39
 170 008d 0E       		.byte	14
 171 008e 28       		.byte	40
ARM GAS  C:\Users\vincent\AppData\Local\Temp\ccOG2qZf.s 			page 4


 172 008f 14       		.byte	20
 173 0090 33       		.byte	51
 174 0091 30       		.byte	48
 175 0092 34       		.byte	52
 176 0093 E0       		.byte	-32
 177 0094 35       		.byte	53
 178 0095 0F       		.byte	15
 179 0096 36       		.byte	54
 180 0097 1F       		.byte	31
 181 0098 39       		.byte	57
 182 0099 08       		.byte	8
 183 009a 3A       		.byte	58
 184 009b 20       		.byte	32
 185 009c 3B       		.byte	59
 186 009d 20       		.byte	32
 187 009e 40       		.byte	64
 188 009f 02       		.byte	2
 189 00a0 46       		.byte	70
 190 00a1 04       		.byte	4
 191 00a2 49       		.byte	73
 192 00a3 FF       		.byte	-1
 193 00a4 4A       		.byte	74
 194 00a5 07       		.byte	7
 195 00a6 4B       		.byte	75
 196 00a7 FF       		.byte	-1
 197 00a8 4C       		.byte	76
 198 00a9 40       		.byte	64
 199 00aa 4D       		.byte	77
 200 00ab 20       		.byte	32
 201 00ac 4E       		.byte	78
 202 00ad F0       		.byte	-16
 203 00ae 4F       		.byte	79
 204 00af 05       		.byte	5
 205 00b0 50       		.byte	80
 206 00b1 08       		.byte	8
 207 00b2 52       		.byte	82
 208 00b3 80       		.byte	-128
 209 00b4 54       		.byte	84
 210 00b5 05       		.byte	5
 211 00b6 58       		.byte	88
 212 00b7 04       		.byte	4
 213 00b8 59       		.byte	89
 214 00b9 04       		.byte	4
 215 00ba 5A       		.byte	90
 216 00bb 04       		.byte	4
 217 00bc 5B       		.byte	91
 218 00bd 04       		.byte	4
 219 00be 5C       		.byte	92
 220 00bf 11       		.byte	17
 221 00c0 5D       		.byte	93
 222 00c1 01       		.byte	1
 223 00c2 5F       		.byte	95
 224 00c3 01       		.byte	1
 225 00c4 60       		.byte	96
 226 00c5 40       		.byte	64
 227 00c6 61       		.byte	97
 228 00c7 A8       		.byte	-88
ARM GAS  C:\Users\vincent\AppData\Local\Temp\ccOG2qZf.s 			page 5


 229 00c8 62       		.byte	98
 230 00c9 40       		.byte	64
 231 00ca 63       		.byte	99
 232 00cb 20       		.byte	32
 233 00cc 84       		.byte	-124
 234 00cd E0       		.byte	-32
 235 00ce 88       		.byte	-120
 236 00cf 40       		.byte	64
 237 00d0 8A       		.byte	-118
 238 00d1 20       		.byte	32
 239 00d2 8C       		.byte	-116
 240 00d3 20       		.byte	32
 241 00d4 8E       		.byte	-114
 242 00d5 C0       		.byte	-64
 243 00d6 90       		.byte	-112
 244 00d7 80       		.byte	-128
 245 00d8 92       		.byte	-110
 246 00d9 20       		.byte	32
 247 00da 93       		.byte	-109
 248 00db 01       		.byte	1
 249 00dc 94       		.byte	-108
 250 00dd 13       		.byte	19
 251 00de 96       		.byte	-106
 252 00df 04       		.byte	4
 253 00e0 98       		.byte	-104
 254 00e1 0A       		.byte	10
 255 00e2 9A       		.byte	-102
 256 00e3 14       		.byte	20
 257 00e4 9C       		.byte	-100
 258 00e5 13       		.byte	19
 259 00e6 9E       		.byte	-98
 260 00e7 0C       		.byte	12
 261 00e8 A2       		.byte	-94
 262 00e9 15       		.byte	21
 263 00ea A4       		.byte	-92
 264 00eb 03       		.byte	3
 265 00ec A6       		.byte	-90
 266 00ed 14       		.byte	20
 267 00ee A8       		.byte	-88
 268 00ef E0       		.byte	-32
 269 00f0 AE       		.byte	-82
 270 00f1 08       		.byte	8
 271 00f2 B0       		.byte	-80
 272 00f3 E0       		.byte	-32
 273 00f4 B3       		.byte	-77
 274 00f5 01       		.byte	1
 275 00f6 B4       		.byte	-76
 276 00f7 0F       		.byte	15
 277 00f8 B6       		.byte	-74
 278 00f9 10       		.byte	16
 279 00fa BA       		.byte	-70
 280 00fb 20       		.byte	32
 281 00fc BE       		.byte	-66
 282 00fd 40       		.byte	64
 283 00fe C0       		.byte	-64
 284 00ff 21       		.byte	33
 285 0100 C1       		.byte	-63
ARM GAS  C:\Users\vincent\AppData\Local\Temp\ccOG2qZf.s 			page 6


 286 0101 06       		.byte	6
 287 0102 C5       		.byte	-59
 288 0103 0C       		.byte	12
 289 0104 C6       		.byte	-58
 290 0105 BE       		.byte	-66
 291 0106 C8       		.byte	-56
 292 0107 0D       		.byte	13
 293 0108 C9       		.byte	-55
 294 0109 FF       		.byte	-1
 295 010a CA       		.byte	-54
 296 010b FF       		.byte	-1
 297 010c CB       		.byte	-53
 298 010d FF       		.byte	-1
 299 010e CE       		.byte	-50
 300 010f F0       		.byte	-16
 301 0110 CF       		.byte	-49
 302 0111 44       		.byte	68
 303 0112 D0       		.byte	-48
 304 0113 0C       		.byte	12
 305 0114 D4       		.byte	-44
 306 0115 01       		.byte	1
 307 0116 D6       		.byte	-42
 308 0117 04       		.byte	4
 309 0118 D8       		.byte	-40
 310 0119 04       		.byte	4
 311 011a D9       		.byte	-39
 312 011b 04       		.byte	4
 313 011c DA       		.byte	-38
 314 011d 04       		.byte	4
 315 011e DB       		.byte	-37
 316 011f 04       		.byte	4
 317 0120 DC       		.byte	-36
 318 0121 11       		.byte	17
 319 0122 DD       		.byte	-35
 320 0123 11       		.byte	17
 321 0124 DF       		.byte	-33
 322 0125 01       		.byte	1
 323 0126 E6       		.byte	-26
 324 0127 C0       		.byte	-64
 325 0128 EA       		.byte	-22
 326 0129 40       		.byte	64
 327 012a EB       		.byte	-21
 328 012b 02       		.byte	2
 329 012c 00       		.byte	0
 330 012d 20       		.byte	32
 331 012e 01       		.byte	1
 332 012f 04       		.byte	4
 333 0130 03       		.byte	3
 334 0131 02       		.byte	2
 335 0132 04       		.byte	4
 336 0133 24       		.byte	36
 337 0134 05       		.byte	5
 338 0135 40       		.byte	64
 339 0136 06       		.byte	6
 340 0137 40       		.byte	64
 341 0138 08       		.byte	8
 342 0139 01       		.byte	1
ARM GAS  C:\Users\vincent\AppData\Local\Temp\ccOG2qZf.s 			page 7


 343 013a 09       		.byte	9
 344 013b 10       		.byte	16
 345 013c 0B       		.byte	11
 346 013d 22       		.byte	34
 347 013e 0E       		.byte	14
 348 013f 04       		.byte	4
 349 0140 0F       		.byte	15
 350 0141 02       		.byte	2
 351 0142 10       		.byte	16
 352 0143 B0       		.byte	-80
 353 0144 11       		.byte	17
 354 0145 10       		.byte	16
 355 0146 12       		.byte	18
 356 0147 01       		.byte	1
 357 0148 15       		.byte	21
 358 0149 20       		.byte	32
 359 014a 17       		.byte	23
 360 014b 08       		.byte	8
 361 014c 18       		.byte	24
 362 014d 80       		.byte	-128
 363 014e 19       		.byte	25
 364 014f 80       		.byte	-128
 365 0150 1A       		.byte	26
 366 0151 04       		.byte	4
 367 0152 1B       		.byte	27
 368 0153 22       		.byte	34
 369 0154 1C       		.byte	28
 370 0155 04       		.byte	4
 371 0156 1D       		.byte	29
 372 0157 40       		.byte	64
 373 0158 1F       		.byte	31
 374 0159 10       		.byte	16
 375 015a 22       		.byte	34
 376 015b 04       		.byte	4
 377 015c 24       		.byte	36
 378 015d 20       		.byte	32
 379 015e 25       		.byte	37
 380 015f 10       		.byte	16
 381 0160 27       		.byte	39
 382 0161 18       		.byte	24
 383 0162 2F       		.byte	47
 384 0163 90       		.byte	-112
 385 0164 30       		.byte	48
 386 0165 01       		.byte	1
 387 0166 37       		.byte	55
 388 0167 10       		.byte	16
 389 0168 3D       		.byte	61
 390 0169 20       		.byte	32
 391 016a 3E       		.byte	62
 392 016b 05       		.byte	5
 393 016c 3F       		.byte	63
 394 016d 02       		.byte	2
 395 016e 42       		.byte	66
 396 016f 05       		.byte	5
 397 0170 47       		.byte	71
 398 0171 20       		.byte	32
 399 0172 48       		.byte	72
ARM GAS  C:\Users\vincent\AppData\Local\Temp\ccOG2qZf.s 			page 8


 400 0173 20       		.byte	32
 401 0174 4B       		.byte	75
 402 0175 20       		.byte	32
 403 0176 4C       		.byte	76
 404 0177 80       		.byte	-128
 405 0178 4F       		.byte	79
 406 0179 02       		.byte	2
 407 017a 51       		.byte	81
 408 017b 10       		.byte	16
 409 017c 52       		.byte	82
 410 017d 80       		.byte	-128
 411 017e 56       		.byte	86
 412 017f 40       		.byte	64
 413 0180 57       		.byte	87
 414 0181 80       		.byte	-128
 415 0182 58       		.byte	88
 416 0183 10       		.byte	16
 417 0184 59       		.byte	89
 418 0185 86       		.byte	-122
 419 0186 5E       		.byte	94
 420 0187 48       		.byte	72
 421 0188 5F       		.byte	95
 422 0189 01       		.byte	1
 423 018a 62       		.byte	98
 424 018b 02       		.byte	2
 425 018c 77       		.byte	119
 426 018d 40       		.byte	64
 427 018e 82       		.byte	-126
 428 018f 02       		.byte	2
 429 0190 8C       		.byte	-116
 430 0191 10       		.byte	16
 431 0192 8E       		.byte	-114
 432 0193 01       		.byte	1
 433 0194 C0       		.byte	-64
 434 0195 F7       		.byte	-9
 435 0196 C2       		.byte	-62
 436 0197 CF       		.byte	-49
 437 0198 C4       		.byte	-60
 438 0199 6F       		.byte	111
 439 019a CA       		.byte	-54
 440 019b C0       		.byte	-64
 441 019c CC       		.byte	-52
 442 019d 21       		.byte	33
 443 019e CE       		.byte	-50
 444 019f E0       		.byte	-32
 445 01a0 D0       		.byte	-48
 446 01a1 2C       		.byte	44
 447 01a2 D2       		.byte	-46
 448 01a3 04       		.byte	4
 449 01a4 D6       		.byte	-42
 450 01a5 DF       		.byte	-33
 451 01a6 D8       		.byte	-40
 452 01a7 01       		.byte	1
 453 01a8 E6       		.byte	-26
 454 01a9 02       		.byte	2
 455 01aa EE       		.byte	-18
 456 01ab 08       		.byte	8
ARM GAS  C:\Users\vincent\AppData\Local\Temp\ccOG2qZf.s 			page 9


 457 01ac 03       		.byte	3
 458 01ad 01       		.byte	1
 459 01ae 05       		.byte	5
 460 01af 03       		.byte	3
 461 01b0 09       		.byte	9
 462 01b1 02       		.byte	2
 463 01b2 25       		.byte	37
 464 01b3 03       		.byte	3
 465 01b4 33       		.byte	51
 466 01b5 03       		.byte	3
 467 01b6 39       		.byte	57
 468 01b7 08       		.byte	8
 469 01b8 3F       		.byte	63
 470 01b9 04       		.byte	4
 471 01ba 40       		.byte	64
 472 01bb 10       		.byte	16
 473 01bc 41       		.byte	65
 474 01bd 04       		.byte	4
 475 01be 49       		.byte	73
 476 01bf FF       		.byte	-1
 477 01c0 4A       		.byte	74
 478 01c1 FF       		.byte	-1
 479 01c2 4B       		.byte	75
 480 01c3 FF       		.byte	-1
 481 01c4 4D       		.byte	77
 482 01c5 A0       		.byte	-96
 483 01c6 4F       		.byte	79
 484 01c7 04       		.byte	4
 485 01c8 50       		.byte	80
 486 01c9 18       		.byte	24
 487 01ca 59       		.byte	89
 488 01cb 04       		.byte	4
 489 01cc 5A       		.byte	90
 490 01cd 04       		.byte	4
 491 01ce 5F       		.byte	95
 492 01cf 01       		.byte	1
 493 01d0 60       		.byte	96
 494 01d1 40       		.byte	64
 495 01d2 62       		.byte	98
 496 01d3 C0       		.byte	-64
 497 01d4 64       		.byte	100
 498 01d5 40       		.byte	64
 499 01d6 65       		.byte	101
 500 01d7 40       		.byte	64
 501 01d8 66       		.byte	102
 502 01d9 C0       		.byte	-64
 503 01da 68       		.byte	104
 504 01db C0       		.byte	-64
 505 01dc 6A       		.byte	106
 506 01dd C0       		.byte	-64
 507 01de 6C       		.byte	108
 508 01df C0       		.byte	-64
 509 01e0 6E       		.byte	110
 510 01e1 C0       		.byte	-64
 511 01e2 00       		.byte	0
 512 01e3 20       		.byte	32
 513 01e4 01       		.byte	1
ARM GAS  C:\Users\vincent\AppData\Local\Temp\ccOG2qZf.s 			page 10


 514 01e5 02       		.byte	2
 515 01e6 02       		.byte	2
 516 01e7 20       		.byte	32
 517 01e8 03       		.byte	3
 518 01e9 02       		.byte	2
 519 01ea 04       		.byte	4
 520 01eb 80       		.byte	-128
 521 01ec 06       		.byte	6
 522 01ed 01       		.byte	1
 523 01ee 08       		.byte	8
 524 01ef 01       		.byte	1
 525 01f0 0A       		.byte	10
 526 01f1 29       		.byte	41
 527 01f2 10       		.byte	16
 528 01f3 A8       		.byte	-88
 529 01f4 12       		.byte	18
 530 01f5 01       		.byte	1
 531 01f6 19       		.byte	25
 532 01f7 91       		.byte	-111
 533 01f8 1A       		.byte	26
 534 01f9 21       		.byte	33
 535 01fa 1B       		.byte	27
 536 01fb 4A       		.byte	74
 537 01fc 20       		.byte	32
 538 01fd 08       		.byte	8
 539 01fe 22       		.byte	34
 540 01ff 09       		.byte	9
 541 0200 23       		.byte	35
 542 0201 02       		.byte	2
 543 0202 27       		.byte	39
 544 0203 20       		.byte	32
 545 0204 29       		.byte	41
 546 0205 91       		.byte	-111
 547 0206 2F       		.byte	47
 548 0207 10       		.byte	16
 549 0208 31       		.byte	49
 550 0209 60       		.byte	96
 551 020a 32       		.byte	50
 552 020b 20       		.byte	32
 553 020c 33       		.byte	51
 554 020d 08       		.byte	8
 555 020e 38       		.byte	56
 556 020f 28       		.byte	40
 557 0210 3A       		.byte	58
 558 0211 02       		.byte	2
 559 0212 3D       		.byte	61
 560 0213 20       		.byte	32
 561 0214 3E       		.byte	62
 562 0215 04       		.byte	4
 563 0216 3F       		.byte	63
 564 0217 02       		.byte	2
 565 0218 41       		.byte	65
 566 0219 80       		.byte	-128
 567 021a 45       		.byte	69
 568 021b 80       		.byte	-128
 569 021c 46       		.byte	70
 570 021d 40       		.byte	64
ARM GAS  C:\Users\vincent\AppData\Local\Temp\ccOG2qZf.s 			page 11


 571 021e 4B       		.byte	75
 572 021f 81       		.byte	-127
 573 0220 51       		.byte	81
 574 0221 10       		.byte	16
 575 0222 52       		.byte	82
 576 0223 40       		.byte	64
 577 0224 53       		.byte	83
 578 0225 40       		.byte	64
 579 0226 5A       		.byte	90
 580 0227 02       		.byte	2
 581 0228 69       		.byte	105
 582 0229 14       		.byte	20
 583 022a 6B       		.byte	107
 584 022b 01       		.byte	1
 585 022c 70       		.byte	112
 586 022d BC       		.byte	-68
 587 022e 72       		.byte	114
 588 022f 02       		.byte	2
 589 0230 87       		.byte	-121
 590 0231 02       		.byte	2
 591 0232 8D       		.byte	-115
 592 0233 12       		.byte	18
 593 0234 90       		.byte	-112
 594 0235 80       		.byte	-128
 595 0236 92       		.byte	-110
 596 0237 0C       		.byte	12
 597 0238 93       		.byte	-109
 598 0239 20       		.byte	32
 599 023a 95       		.byte	-107
 600 023b 14       		.byte	20
 601 023c 96       		.byte	-106
 602 023d 40       		.byte	64
 603 023e 97       		.byte	-105
 604 023f 01       		.byte	1
 605 0240 99       		.byte	-103
 606 0241 40       		.byte	64
 607 0242 9B       		.byte	-101
 608 0243 40       		.byte	64
 609 0244 9C       		.byte	-100
 610 0245 01       		.byte	1
 611 0246 9D       		.byte	-99
 612 0247 04       		.byte	4
 613 0248 9F       		.byte	-97
 614 0249 20       		.byte	32
 615 024a A1       		.byte	-95
 616 024b 10       		.byte	16
 617 024c A2       		.byte	-94
 618 024d 80       		.byte	-128
 619 024e A3       		.byte	-93
 620 024f 01       		.byte	1
 621 0250 A4       		.byte	-92
 622 0251 10       		.byte	16
 623 0252 A6       		.byte	-90
 624 0253 04       		.byte	4
 625 0254 B1       		.byte	-79
 626 0255 02       		.byte	2
 627 0256 B2       		.byte	-78
ARM GAS  C:\Users\vincent\AppData\Local\Temp\ccOG2qZf.s 			page 12


 628 0257 80       		.byte	-128
 629 0258 B7       		.byte	-73
 630 0259 21       		.byte	33
 631 025a C0       		.byte	-64
 632 025b 0F       		.byte	15
 633 025c C2       		.byte	-62
 634 025d 0F       		.byte	15
 635 025e C4       		.byte	-60
 636 025f 0F       		.byte	15
 637 0260 CA       		.byte	-54
 638 0261 4D       		.byte	77
 639 0262 CC       		.byte	-52
 640 0263 0E       		.byte	14
 641 0264 CE       		.byte	-50
 642 0265 E7       		.byte	-25
 643 0266 D0       		.byte	-48
 644 0267 98       		.byte	-104
 645 0268 D2       		.byte	-46
 646 0269 08       		.byte	8
 647 026a D6       		.byte	-42
 648 026b 01       		.byte	1
 649 026c E4       		.byte	-28
 650 026d 02       		.byte	2
 651 026e 01       		.byte	1
 652 026f 42       		.byte	66
 653 0270 03       		.byte	3
 654 0271 11       		.byte	17
 655 0272 05       		.byte	5
 656 0273 07       		.byte	7
 657 0274 06       		.byte	6
 658 0275 02       		.byte	2
 659 0276 09       		.byte	9
 660 0277 07       		.byte	7
 661 0278 0A       		.byte	10
 662 0279 01       		.byte	1
 663 027a 0D       		.byte	13
 664 027b 60       		.byte	96
 665 027c 0F       		.byte	15
 666 027d 08       		.byte	8
 667 027e 11       		.byte	17
 668 027f 04       		.byte	4
 669 0280 12       		.byte	18
 670 0281 02       		.byte	2
 671 0282 15       		.byte	21
 672 0283 21       		.byte	33
 673 0284 17       		.byte	23
 674 0285 12       		.byte	18
 675 0286 1B       		.byte	27
 676 0287 60       		.byte	96
 677 0288 1E       		.byte	30
 678 0289 04       		.byte	4
 679 028a 20       		.byte	32
 680 028b 08       		.byte	8
 681 028c 23       		.byte	35
 682 028d 60       		.byte	96
 683 028e 24       		.byte	36
 684 028f 04       		.byte	4
ARM GAS  C:\Users\vincent\AppData\Local\Temp\ccOG2qZf.s 			page 13


 685 0290 27       		.byte	39
 686 0291 60       		.byte	96
 687 0292 29       		.byte	41
 688 0293 60       		.byte	96
 689 0294 2A       		.byte	42
 690 0295 01       		.byte	1
 691 0296 2D       		.byte	45
 692 0297 60       		.byte	96
 693 0298 30       		.byte	48
 694 0299 01       		.byte	1
 695 029a 31       		.byte	49
 696 029b 60       		.byte	96
 697 029c 32       		.byte	50
 698 029d 08       		.byte	8
 699 029e 33       		.byte	51
 700 029f 03       		.byte	3
 701 02a0 34       		.byte	52
 702 02a1 02       		.byte	2
 703 02a2 35       		.byte	53
 704 02a3 04       		.byte	4
 705 02a4 36       		.byte	54
 706 02a5 04       		.byte	4
 707 02a6 37       		.byte	55
 708 02a7 18       		.byte	24
 709 02a8 3E       		.byte	62
 710 02a9 15       		.byte	21
 711 02aa 3F       		.byte	63
 712 02ab 40       		.byte	64
 713 02ac 40       		.byte	64
 714 02ad 42       		.byte	66
 715 02ae 41       		.byte	65
 716 02af 06       		.byte	6
 717 02b0 42       		.byte	66
 718 02b1 03       		.byte	3
 719 02b2 44       		.byte	68
 720 02b3 01       		.byte	1
 721 02b4 46       		.byte	70
 722 02b5 0E       		.byte	14
 723 02b6 47       		.byte	71
 724 02b7 0C       		.byte	12
 725 02b8 48       		.byte	72
 726 02b9 14       		.byte	20
 727 02ba 49       		.byte	73
 728 02bb FF       		.byte	-1
 729 02bc 4A       		.byte	74
 730 02bd FF       		.byte	-1
 731 02be 4B       		.byte	75
 732 02bf FF       		.byte	-1
 733 02c0 4C       		.byte	76
 734 02c1 62       		.byte	98
 735 02c2 4D       		.byte	77
 736 02c3 A0       		.byte	-96
 737 02c4 4E       		.byte	78
 738 02c5 F0       		.byte	-16
 739 02c6 4F       		.byte	79
 740 02c7 41       		.byte	65
 741 02c8 50       		.byte	80
ARM GAS  C:\Users\vincent\AppData\Local\Temp\ccOG2qZf.s 			page 14


 742 02c9 0C       		.byte	12
 743 02ca 54       		.byte	84
 744 02cb 18       		.byte	24
 745 02cc 56       		.byte	86
 746 02cd 04       		.byte	4
 747 02ce 58       		.byte	88
 748 02cf 04       		.byte	4
 749 02d0 59       		.byte	89
 750 02d1 04       		.byte	4
 751 02d2 5A       		.byte	90
 752 02d3 04       		.byte	4
 753 02d4 5B       		.byte	91
 754 02d5 04       		.byte	4
 755 02d6 5C       		.byte	92
 756 02d7 10       		.byte	16
 757 02d8 5D       		.byte	93
 758 02d9 11       		.byte	17
 759 02da 5F       		.byte	95
 760 02db 01       		.byte	1
 761 02dc 66       		.byte	102
 762 02dd 40       		.byte	64
 763 02de 67       		.byte	103
 764 02df 02       		.byte	2
 765 02e0 69       		.byte	105
 766 02e1 10       		.byte	16
 767 02e2 6A       		.byte	106
 768 02e3 30       		.byte	48
 769 02e4 6B       		.byte	107
 770 02e5 10       		.byte	16
 771 02e6 6D       		.byte	109
 772 02e7 10       		.byte	16
 773 02e8 6E       		.byte	110
 774 02e9 10       		.byte	16
 775 02ea 6F       		.byte	111
 776 02eb 12       		.byte	18
 777 02ec 94       		.byte	-108
 778 02ed 04       		.byte	4
 779 02ee 98       		.byte	-104
 780 02ef 0C       		.byte	12
 781 02f0 9E       		.byte	-98
 782 02f1 02       		.byte	2
 783 02f2 A2       		.byte	-94
 784 02f3 02       		.byte	2
 785 02f4 AE       		.byte	-82
 786 02f5 01       		.byte	1
 787 02f6 B0       		.byte	-80
 788 02f7 04       		.byte	4
 789 02f8 B2       		.byte	-78
 790 02f9 08       		.byte	8
 791 02fa B4       		.byte	-76
 792 02fb 02       		.byte	2
 793 02fc B6       		.byte	-74
 794 02fd 01       		.byte	1
 795 02fe BE       		.byte	-66
 796 02ff 10       		.byte	16
 797 0300 D6       		.byte	-42
 798 0301 08       		.byte	8
ARM GAS  C:\Users\vincent\AppData\Local\Temp\ccOG2qZf.s 			page 15


 799 0302 D8       		.byte	-40
 800 0303 04       		.byte	4
 801 0304 DB       		.byte	-37
 802 0305 04       		.byte	4
 803 0306 DD       		.byte	-35
 804 0307 90       		.byte	-112
 805 0308 DF       		.byte	-33
 806 0309 01       		.byte	1
 807 030a 00       		.byte	0
 808 030b 08       		.byte	8
 809 030c 02       		.byte	2
 810 030d 08       		.byte	8
 811 030e 03       		.byte	3
 812 030f 08       		.byte	8
 813 0310 09       		.byte	9
 814 0311 80       		.byte	-128
 815 0312 0B       		.byte	11
 816 0313 80       		.byte	-128
 817 0314 0C       		.byte	12
 818 0315 10       		.byte	16
 819 0316 0D       		.byte	13
 820 0317 90       		.byte	-112
 821 0318 0E       		.byte	14
 822 0319 10       		.byte	16
 823 031a 10       		.byte	16
 824 031b 18       		.byte	24
 825 031c 12       		.byte	18
 826 031d 80       		.byte	-128
 827 031e 16       		.byte	22
 828 031f 40       		.byte	64
 829 0320 17       		.byte	23
 830 0321 40       		.byte	64
 831 0322 18       		.byte	24
 832 0323 04       		.byte	4
 833 0324 19       		.byte	25
 834 0325 84       		.byte	-124
 835 0326 1B       		.byte	27
 836 0327 01       		.byte	1
 837 0328 1D       		.byte	29
 838 0329 80       		.byte	-128
 839 032a 1E       		.byte	30
 840 032b 58       		.byte	88
 841 032c 20       		.byte	32
 842 032d 21       		.byte	33
 843 032e 21       		.byte	33
 844 032f 28       		.byte	40
 845 0330 22       		.byte	34
 846 0331 01       		.byte	1
 847 0332 29       		.byte	41
 848 0333 10       		.byte	16
 849 0334 2A       		.byte	42
 850 0335 08       		.byte	8
 851 0336 2B       		.byte	43
 852 0337 42       		.byte	66
 853 0338 31       		.byte	49
 854 0339 08       		.byte	8
 855 033a 32       		.byte	50
ARM GAS  C:\Users\vincent\AppData\Local\Temp\ccOG2qZf.s 			page 16


 856 033b 10       		.byte	16
 857 033c 33       		.byte	51
 858 033d 01       		.byte	1
 859 033e 38       		.byte	56
 860 033f 80       		.byte	-128
 861 0340 39       		.byte	57
 862 0341 14       		.byte	20
 863 0342 3B       		.byte	59
 864 0343 01       		.byte	1
 865 0344 40       		.byte	64
 866 0345 01       		.byte	1
 867 0346 41       		.byte	65
 868 0347 20       		.byte	32
 869 0348 42       		.byte	66
 870 0349 08       		.byte	8
 871 034a 43       		.byte	67
 872 034b 0A       		.byte	10
 873 034c 49       		.byte	73
 874 034d 10       		.byte	16
 875 034e 50       		.byte	80
 876 034f 08       		.byte	8
 877 0350 53       		.byte	83
 878 0351 40       		.byte	64
 879 0352 5A       		.byte	90
 880 0353 02       		.byte	2
 881 0354 5C       		.byte	92
 882 0355 80       		.byte	-128
 883 0356 60       		.byte	96
 884 0357 04       		.byte	4
 885 0358 63       		.byte	99
 886 0359 42       		.byte	66
 887 035a 64       		.byte	100
 888 035b 01       		.byte	1
 889 035c 67       		.byte	103
 890 035d 01       		.byte	1
 891 035e 87       		.byte	-121
 892 035f 40       		.byte	64
 893 0360 8C       		.byte	-116
 894 0361 80       		.byte	-128
 895 0362 8D       		.byte	-115
 896 0363 80       		.byte	-128
 897 0364 90       		.byte	-112
 898 0365 80       		.byte	-128
 899 0366 91       		.byte	-111
 900 0367 34       		.byte	52
 901 0368 92       		.byte	-110
 902 0369 20       		.byte	32
 903 036a 96       		.byte	-106
 904 036b 40       		.byte	64
 905 036c 99       		.byte	-103
 906 036d 10       		.byte	16
 907 036e 9A       		.byte	-102
 908 036f 40       		.byte	64
 909 0370 9B       		.byte	-101
 910 0371 41       		.byte	65
 911 0372 9C       		.byte	-100
 912 0373 01       		.byte	1
ARM GAS  C:\Users\vincent\AppData\Local\Temp\ccOG2qZf.s 			page 17


 913 0374 9D       		.byte	-99
 914 0375 04       		.byte	4
 915 0376 A0       		.byte	-96
 916 0377 04       		.byte	4
 917 0378 A2       		.byte	-94
 918 0379 88       		.byte	-120
 919 037a A3       		.byte	-93
 920 037b 42       		.byte	66
 921 037c A4       		.byte	-92
 922 037d 10       		.byte	16
 923 037e A5       		.byte	-91
 924 037f A0       		.byte	-96
 925 0380 A6       		.byte	-90
 926 0381 04       		.byte	4
 927 0382 C0       		.byte	-64
 928 0383 06       		.byte	6
 929 0384 C2       		.byte	-62
 930 0385 E9       		.byte	-23
 931 0386 C4       		.byte	-60
 932 0387 9E       		.byte	-98
 933 0388 CA       		.byte	-54
 934 0389 0F       		.byte	15
 935 038a CC       		.byte	-52
 936 038b 07       		.byte	7
 937 038c CE       		.byte	-50
 938 038d 0F       		.byte	15
 939 038e D0       		.byte	-48
 940 038f 0F       		.byte	15
 941 0390 D2       		.byte	-46
 942 0391 04       		.byte	4
 943 0392 D6       		.byte	-42
 944 0393 11       		.byte	17
 945 0394 D8       		.byte	-40
 946 0395 1D       		.byte	29
 947 0396 EE       		.byte	-18
 948 0397 08       		.byte	8
 949 0398 32       		.byte	50
 950 0399 20       		.byte	32
 951 039a 33       		.byte	51
 952 039b 08       		.byte	8
 953 039c 36       		.byte	54
 954 039d 80       		.byte	-128
 955 039e 37       		.byte	55
 956 039f 04       		.byte	4
 957 03a0 CC       		.byte	-52
 958 03a1 F0       		.byte	-16
 959 03a2 9F       		.byte	-97
 960 03a3 04       		.byte	4
 961 03a4 A6       		.byte	-90
 962 03a5 A0       		.byte	-96
 963 03a6 A7       		.byte	-89
 964 03a7 08       		.byte	8
 965 03a8 9F       		.byte	-97
 966 03a9 04       		.byte	4
 967 03aa A6       		.byte	-90
 968 03ab A0       		.byte	-96
 969 03ac A7       		.byte	-89
ARM GAS  C:\Users\vincent\AppData\Local\Temp\ccOG2qZf.s 			page 18


 970 03ad 08       		.byte	8
 971 03ae 83       		.byte	-125
 972 03af 04       		.byte	4
 973 03b0 9F       		.byte	-97
 974 03b1 04       		.byte	4
 975 03b2 A6       		.byte	-90
 976 03b3 A0       		.byte	-96
 977 03b4 A7       		.byte	-89
 978 03b5 08       		.byte	8
 979 03b6 E2       		.byte	-30
 980 03b7 80       		.byte	-128
 981 03b8 A6       		.byte	-90
 982 03b9 A0       		.byte	-96
 983 03ba A7       		.byte	-89
 984 03bb 08       		.byte	8
 985 03bc 86       		.byte	-122
 986 03bd 20       		.byte	32
 987 03be 87       		.byte	-121
 988 03bf 08       		.byte	8
 989 03c0 A6       		.byte	-90
 990 03c1 20       		.byte	32
 991 03c2 A7       		.byte	-89
 992 03c3 08       		.byte	8
 993 03c4 AE       		.byte	-82
 994 03c5 80       		.byte	-128
 995 03c6 E6       		.byte	-26
 996 03c7 40       		.byte	64
 997 03c8 EE       		.byte	-18
 998 03c9 10       		.byte	16
 999 03ca 1F       		.byte	31
 1000 03cb 80       		.byte	-128
 1001 03cc 61       		.byte	97
 1002 03cd 01       		.byte	1
 1003 03ce 87       		.byte	-121
 1004 03cf 40       		.byte	64
 1005 03d0 C6       		.byte	-58
 1006 03d1 01       		.byte	1
 1007 03d2 D8       		.byte	-40
 1008 03d3 02       		.byte	2
 1009 03d4 12       		.byte	18
 1010 03d5 20       		.byte	32
 1011 03d6 73       		.byte	115
 1012 03d7 40       		.byte	64
 1013 03d8 8D       		.byte	-115
 1014 03d9 01       		.byte	1
 1015 03da 8E       		.byte	-114
 1016 03db 20       		.byte	32
 1017 03dc 93       		.byte	-109
 1018 03dd 40       		.byte	64
 1019 03de 9D       		.byte	-99
 1020 03df 01       		.byte	1
 1021 03e0 AF       		.byte	-81
 1022 03e1 80       		.byte	-128
 1023 03e2 C4       		.byte	-60
 1024 03e3 08       		.byte	8
 1025 03e4 DC       		.byte	-36
 1026 03e5 01       		.byte	1
ARM GAS  C:\Users\vincent\AppData\Local\Temp\ccOG2qZf.s 			page 19


 1027 03e6 E2       		.byte	-30
 1028 03e7 08       		.byte	8
 1029 03e8 E4       		.byte	-28
 1030 03e9 02       		.byte	2
 1031 03ea 00       		.byte	0
 1032 03eb 03       		.byte	3
 1033 03ec 02       		.byte	2
 1034 03ed 14       		.byte	20
 1035 03ee 0C       		.byte	12
 1036 03ef 03       		.byte	3
 1037 03f0 10       		.byte	16
 1038 03f1 03       		.byte	3
 1039 03f2 11       		.byte	17
 1040 03f3 01       		.byte	1
 1041 03f4 12       		.byte	18
 1042 03f5 14       		.byte	20
 1043 03f6 1C       		.byte	28
 1044 03f7 03       		.byte	3
 1045 03f8 1D       		.byte	29
 1046 03f9 01       		.byte	1
 1047 03fa 00       		.byte	0
 1048 03fb FF       		.byte	-1
 1049 03fc FF       		.byte	-1
 1050 03fd 10       		.byte	16
 1051 03fe 00       		.byte	0
 1052 03ff 00       		.byte	0
 1053 0400 00       		.byte	0
 1054 0401 18       		.byte	24
 1055 0402 B3       		.byte	-77
 1056 0403 00       		.byte	0
 1057 0404 01       		.byte	1
 1058 0405 08       		.byte	8
 1059 0406 00       		.byte	0
 1060 0407 00       		.byte	0
 1061 0408 F3       		.byte	-13
 1062 0409 00       		.byte	0
 1063 040a 0C       		.byte	12
 1064 040b 00       		.byte	0
 1065 040c 42       		.byte	66
 1066 040d 00       		.byte	0
 1067 040e 00       		.byte	0
 1068 040f 00       		.byte	0
 1069 0410 4C       		.byte	76
 1070 0411 3C       		.byte	60
 1071 0412 A3       		.byte	-93
 1072 0413 02       		.byte	2
 1073 0414 00       		.byte	0
 1074 0415 00       		.byte	0
 1075 0416 40       		.byte	64
 1076 0417 04       		.byte	4
 1077 0418 4F       		.byte	79
 1078 0419 01       		.byte	1
 1079 041a 90       		.byte	-112
 1080 041b 00       		.byte	0
 1081 041c 08       		.byte	8
 1082 041d 26       		.byte	38
 1083 041e 00       		.byte	0
ARM GAS  C:\Users\vincent\AppData\Local\Temp\ccOG2qZf.s 			page 20


 1084 041f 18       		.byte	24
 1085 0420 04       		.byte	4
 1086 0421 00       		.byte	0
 1087 0422 00       		.byte	0
 1088 0423 00       		.byte	0
 1089 0424 0C       		.byte	12
 1090 0425 3E       		.byte	62
 1091 0426 00       		.byte	0
 1092 0427 00       		.byte	0
 1093 0428 03       		.byte	3
 1094 0429 38       		.byte	56
 1095 042a 00       		.byte	0
 1096 042b 06       		.byte	6
 1097 042c 0F       		.byte	15
 1098 042d 20       		.byte	32
 1099 042e 7C       		.byte	124
 1100 042f 1C       		.byte	28
 1101 0430 00       		.byte	0
 1102 0431 02       		.byte	2
 1103 0432 8C       		.byte	-116
 1104 0433 01       		.byte	1
 1105 0434 00       		.byte	0
 1106 0435 20       		.byte	32
 1107 0436 AA       		.byte	-86
 1108 0437 00       		.byte	0
 1109 0438 00       		.byte	0
 1110 0439 00       		.byte	0
 1111 043a 00       		.byte	0
 1112 043b 41       		.byte	65
 1113 043c 10       		.byte	16
 1114 043d 05       		.byte	5
 1115 043e 00       		.byte	0
 1116 043f 00       		.byte	0
 1117 0440 00       		.byte	0
 1118 0441 D0       		.byte	-48
 1119 0442 12       		.byte	18
 1120 0443 00       		.byte	0
 1121 0444 0E       		.byte	14
 1122 0445 FF       		.byte	-1
 1123 0446 FF       		.byte	-1
 1124 0447 FF       		.byte	-1
 1125 0448 00       		.byte	0
 1126 0449 AF       		.byte	-81
 1127 044a 0F       		.byte	15
 1128 044b 04       		.byte	4
 1129 044c 18       		.byte	24
 1130 044d 00       		.byte	0
 1131 044e 00       		.byte	0
 1132 044f 00       		.byte	0
 1133 0450 00       		.byte	0
 1134 0451 00       		.byte	0
 1135 0452 02       		.byte	2
 1136 0453 13       		.byte	19
 1137 0454 04       		.byte	4
 1138 0455 04       		.byte	4
 1139 0456 04       		.byte	4
 1140 0457 04       		.byte	4
ARM GAS  C:\Users\vincent\AppData\Local\Temp\ccOG2qZf.s 			page 21


 1141 0458 11       		.byte	17
 1142 0459 10       		.byte	16
 1143 045a 00       		.byte	0
 1144 045b 01       		.byte	1
 1145 045c 40       		.byte	64
 1146 045d 00       		.byte	0
 1147 045e C0       		.byte	-64
 1148 045f 00       		.byte	0
 1149 0460 40       		.byte	64
 1150 0461 40       		.byte	64
 1151 0462 C0       		.byte	-64
 1152 0463 00       		.byte	0
 1153 0464 C0       		.byte	-64
 1154 0465 00       		.byte	0
 1155 0466 C0       		.byte	-64
 1156 0467 00       		.byte	0
 1157 0468 C0       		.byte	-64
 1158 0469 00       		.byte	0
 1159 046a C0       		.byte	-64
 1160 046b 00       		.byte	0
 1161 046c 00       		.byte	0
 1162 046d 00       		.byte	0
 1163 046e 00       		.byte	0
 1164 046f 00       		.byte	0
 1165 0470 00       		.byte	0
 1166 0471 00       		.byte	0
 1167 0472 00       		.byte	0
 1168 0473 00       		.byte	0
 1169 0474 00       		.byte	0
 1170 0475 00       		.byte	0
 1171 0476 00       		.byte	0
 1172 0477 00       		.byte	0
 1173 0478 00       		.byte	0
 1174 0479 00       		.byte	0
 1175 047a 00       		.byte	0
 1176 047b 00       		.byte	0
 1177 047c 80       		.byte	-128
 1178 047d 00       		.byte	0
 1179 047e 40       		.byte	64
 1180 047f 80       		.byte	-128
 1181 0480 80       		.byte	-128
 1182 0481 00       		.byte	0
 1183 0482 80       		.byte	-128
 1184 0483 00       		.byte	0
 1185 0484 00       		.byte	0
 1186 0485 00       		.byte	0
 1187 0486 00       		.byte	0
 1188 0487 00       		.byte	0
 1189 0488 00       		.byte	0
 1190 0489 10       		.byte	16
 1191 048a 10       		.byte	16
 1192 048b 00       		.byte	0
 1193 048c 00       		.byte	0
 1194 048d 00       		.byte	0
 1195 048e 00       		.byte	0
 1196 048f 00       		.byte	0
 1197 0490 00       		.byte	0
ARM GAS  C:\Users\vincent\AppData\Local\Temp\ccOG2qZf.s 			page 22


 1198 0491 7B       		.byte	123
 1199 0492 7B       		.byte	123
 1200 0493 00       		.byte	0
 1201 0494 20       		.byte	32
 1202 0495 00       		.byte	0
 1203 0496 00       		.byte	0
 1204 0497 00       		.byte	0
 1205 0498 00       		.byte	0
 1206 0499 7F       		.byte	127
 1207 049a 7F       		.byte	127
 1208 049b 00       		.byte	0
 1209 049c 00       		.byte	0
 1210 049d 00       		.byte	0
 1211 049e 00       		.byte	0
 1212 049f 00       		.byte	0
 1213 04a0 00       		.byte	0
 1214 04a1 00       		.byte	0
 1215 04a2 00       		.byte	0
 1216 04a3 00       		.byte	0
 1217 04a4 00       		.byte	0
 1218 04a5 00       		.byte	0
 1219 04a6 70       		.byte	112
 1220 04a7 00       		.byte	0
 1221 04a8 3E       		.byte	62
 1222 04a9 00       		.byte	0
 1223 04aa 18       		.byte	24
 1224 04ab 01       		.byte	1
 1225              		.section	.cywolatch,"a",%progbits
 1226              		.align	2
 1227              		.type	cy_meta_wonvl, %object
 1228              		.size	cy_meta_wonvl, 4
 1229              	cy_meta_wonvl:
 1230 0000 BC       		.byte	-68
 1231 0001 90       		.byte	-112
 1232 0002 AC       		.byte	-84
 1233 0003 AF       		.byte	-81
 1234              		.section	.cycustnvl,"a",%progbits
 1235              		.align	2
 1236              		.type	cy_meta_custnvl, %object
 1237              		.size	cy_meta_custnvl, 4
 1238              	cy_meta_custnvl:
 1239 0000 00       		.byte	0
 1240 0001 00       		.byte	0
 1241 0002 40       		.byte	64
 1242 0003 05       		.byte	5
 1243              		.section	.cymeta,"a",%progbits
 1244              		.align	2
 1245              		.type	cy_metadata, %object
 1246              		.size	cy_metadata, 12
 1247              	cy_metadata:
 1248 0000 00       		.byte	0
 1249 0001 01       		.byte	1
 1250 0002 2E       		.byte	46
 1251 0003 16       		.byte	22
 1252 0004 10       		.byte	16
 1253 0005 69       		.byte	105
 1254 0006 00       		.byte	0
ARM GAS  C:\Users\vincent\AppData\Local\Temp\ccOG2qZf.s 			page 23


 1255 0007 01       		.byte	1
 1256 0008 00       		.byte	0
 1257 0009 00       		.byte	0
 1258 000a 00       		.byte	0
 1259 000b 00       		.byte	0
 1260              		.section	.cyflashprotect,"a",%progbits
 1261              		.align	2
 1262              		.type	cy_meta_flashprotect, %object
 1263              		.size	cy_meta_flashprotect, 256
 1264              	cy_meta_flashprotect:
 1265 0000 00000000 		.space	256
 1265      00000000 
 1265      00000000 
 1265      00000000 
 1265      00000000 
 1266              		.text
 1267              	.Letext0:
 1268              		.file 1 "c:\\program files (x86)\\cypress\\psoc creator\\4.4\\psoc creator\\import\\gnu\\arm\\5.4.
 1269              		.file 2 "c:\\program files (x86)\\cypress\\psoc creator\\4.4\\psoc creator\\import\\gnu\\arm\\5.4.
 1270              		.file 3 "Generated_Source\\PSoC5\\cymetadata.c"
 1271              		.section	.debug_info,"",%progbits
 1272              	.Ldebug_info0:
 1273 0000 32010000 		.4byte	0x132
 1274 0004 0400     		.2byte	0x4
 1275 0006 00000000 		.4byte	.Ldebug_abbrev0
 1276 000a 04       		.byte	0x4
 1277 000b 01       		.uleb128 0x1
 1278 000c 6E000000 		.4byte	.LASF17
 1279 0010 0C       		.byte	0xc
 1280 0011 C8010000 		.4byte	.LASF18
 1281 0015 16000000 		.4byte	.LASF19
 1282 0019 00000000 		.4byte	.Ldebug_line0
 1283 001d 02       		.uleb128 0x2
 1284 001e 01       		.byte	0x1
 1285 001f 06       		.byte	0x6
 1286 0020 BC010000 		.4byte	.LASF0
 1287 0024 03       		.uleb128 0x3
 1288 0025 00000000 		.4byte	.LASF9
 1289 0029 01       		.byte	0x1
 1290 002a 1D       		.byte	0x1d
 1291 002b 2F000000 		.4byte	0x2f
 1292 002f 02       		.uleb128 0x2
 1293 0030 01       		.byte	0x1
 1294 0031 08       		.byte	0x8
 1295 0032 60000000 		.4byte	.LASF1
 1296 0036 02       		.uleb128 0x2
 1297 0037 02       		.byte	0x2
 1298 0038 05       		.byte	0x5
 1299 0039 A9010000 		.4byte	.LASF2
 1300 003d 02       		.uleb128 0x2
 1301 003e 02       		.byte	0x2
 1302 003f 07       		.byte	0x7
 1303 0040 0E010000 		.4byte	.LASF3
 1304 0044 02       		.uleb128 0x2
 1305 0045 04       		.byte	0x4
 1306 0046 05       		.byte	0x5
 1307 0047 B3010000 		.4byte	.LASF4
ARM GAS  C:\Users\vincent\AppData\Local\Temp\ccOG2qZf.s 			page 24


 1308 004b 02       		.uleb128 0x2
 1309 004c 04       		.byte	0x4
 1310 004d 07       		.byte	0x7
 1311 004e FC000000 		.4byte	.LASF5
 1312 0052 02       		.uleb128 0x2
 1313 0053 08       		.byte	0x8
 1314 0054 05       		.byte	0x5
 1315 0055 9B010000 		.4byte	.LASF6
 1316 0059 02       		.uleb128 0x2
 1317 005a 08       		.byte	0x8
 1318 005b 07       		.byte	0x7
 1319 005c 50010000 		.4byte	.LASF7
 1320 0060 04       		.uleb128 0x4
 1321 0061 04       		.byte	0x4
 1322 0062 05       		.byte	0x5
 1323 0063 696E7400 		.ascii	"int\000"
 1324 0067 02       		.uleb128 0x2
 1325 0068 04       		.byte	0x4
 1326 0069 07       		.byte	0x7
 1327 006a 43010000 		.4byte	.LASF8
 1328 006e 03       		.uleb128 0x3
 1329 006f 67010000 		.4byte	.LASF10
 1330 0073 02       		.byte	0x2
 1331 0074 18       		.byte	0x18
 1332 0075 24000000 		.4byte	0x24
 1333 0079 05       		.uleb128 0x5
 1334 007a 91000000 		.4byte	0x91
 1335 007e 8A000000 		.4byte	0x8a
 1336 0082 06       		.uleb128 0x6
 1337 0083 8A000000 		.4byte	0x8a
 1338 0087 AB04     		.2byte	0x4ab
 1339 0089 00       		.byte	0
 1340 008a 02       		.uleb128 0x2
 1341 008b 04       		.byte	0x4
 1342 008c 07       		.byte	0x7
 1343 008d 92010000 		.4byte	.LASF11
 1344 0091 07       		.uleb128 0x7
 1345 0092 6E000000 		.4byte	0x6e
 1346 0096 08       		.uleb128 0x8
 1347 0097 31010000 		.4byte	.LASF12
 1348 009b 03       		.byte	0x3
 1349 009c 1F       		.byte	0x1f
 1350 009d A7000000 		.4byte	0xa7
 1351 00a1 05       		.uleb128 0x5
 1352 00a2 03       		.byte	0x3
 1353 00a3 00000000 		.4byte	cy_meta_configecc
 1354 00a7 07       		.uleb128 0x7
 1355 00a8 79000000 		.4byte	0x79
 1356 00ac 05       		.uleb128 0x5
 1357 00ad 91000000 		.4byte	0x91
 1358 00b1 BC000000 		.4byte	0xbc
 1359 00b5 09       		.uleb128 0x9
 1360 00b6 8A000000 		.4byte	0x8a
 1361 00ba 03       		.byte	0x3
 1362 00bb 00       		.byte	0
 1363 00bc 08       		.uleb128 0x8
 1364 00bd 21010000 		.4byte	.LASF13
ARM GAS  C:\Users\vincent\AppData\Local\Temp\ccOG2qZf.s 			page 25


 1365 00c1 03       		.byte	0x3
 1366 00c2 C2       		.byte	0xc2
 1367 00c3 CD000000 		.4byte	0xcd
 1368 00c7 05       		.uleb128 0x5
 1369 00c8 03       		.byte	0x3
 1370 00c9 00000000 		.4byte	cy_meta_custnvl
 1371 00cd 07       		.uleb128 0x7
 1372 00ce AC000000 		.4byte	0xac
 1373 00d2 08       		.uleb128 0x8
 1374 00d3 84010000 		.4byte	.LASF14
 1375 00d7 03       		.byte	0x3
 1376 00d8 D0       		.byte	0xd0
 1377 00d9 E3000000 		.4byte	0xe3
 1378 00dd 05       		.uleb128 0x5
 1379 00de 03       		.byte	0x3
 1380 00df 00000000 		.4byte	cy_meta_wonvl
 1381 00e3 07       		.uleb128 0x7
 1382 00e4 AC000000 		.4byte	0xac
 1383 00e8 05       		.uleb128 0x5
 1384 00e9 91000000 		.4byte	0x91
 1385 00ed F8000000 		.4byte	0xf8
 1386 00f1 09       		.uleb128 0x9
 1387 00f2 8A000000 		.4byte	0x8a
 1388 00f6 FF       		.byte	0xff
 1389 00f7 00       		.byte	0
 1390 00f8 08       		.uleb128 0x8
 1391 00f9 6F010000 		.4byte	.LASF15
 1392 00fd 03       		.byte	0x3
 1393 00fe DE       		.byte	0xde
 1394 00ff 09010000 		.4byte	0x109
 1395 0103 05       		.uleb128 0x5
 1396 0104 03       		.byte	0x3
 1397 0105 00000000 		.4byte	cy_meta_flashprotect
 1398 0109 07       		.uleb128 0x7
 1399 010a E8000000 		.4byte	0xe8
 1400 010e 05       		.uleb128 0x5
 1401 010f 91000000 		.4byte	0x91
 1402 0113 1E010000 		.4byte	0x11e
 1403 0117 09       		.uleb128 0x9
 1404 0118 8A000000 		.4byte	0x8a
 1405 011c 0B       		.byte	0xb
 1406 011d 00       		.byte	0
 1407 011e 0A       		.uleb128 0xa
 1408 011f 0A000000 		.4byte	.LASF16
 1409 0123 03       		.byte	0x3
 1410 0124 0B01     		.2byte	0x10b
 1411 0126 30010000 		.4byte	0x130
 1412 012a 05       		.uleb128 0x5
 1413 012b 03       		.byte	0x3
 1414 012c 00000000 		.4byte	cy_metadata
 1415 0130 07       		.uleb128 0x7
 1416 0131 0E010000 		.4byte	0x10e
 1417 0135 00       		.byte	0
 1418              		.section	.debug_abbrev,"",%progbits
 1419              	.Ldebug_abbrev0:
 1420 0000 01       		.uleb128 0x1
 1421 0001 11       		.uleb128 0x11
ARM GAS  C:\Users\vincent\AppData\Local\Temp\ccOG2qZf.s 			page 26


 1422 0002 01       		.byte	0x1
 1423 0003 25       		.uleb128 0x25
 1424 0004 0E       		.uleb128 0xe
 1425 0005 13       		.uleb128 0x13
 1426 0006 0B       		.uleb128 0xb
 1427 0007 03       		.uleb128 0x3
 1428 0008 0E       		.uleb128 0xe
 1429 0009 1B       		.uleb128 0x1b
 1430 000a 0E       		.uleb128 0xe
 1431 000b 10       		.uleb128 0x10
 1432 000c 17       		.uleb128 0x17
 1433 000d 00       		.byte	0
 1434 000e 00       		.byte	0
 1435 000f 02       		.uleb128 0x2
 1436 0010 24       		.uleb128 0x24
 1437 0011 00       		.byte	0
 1438 0012 0B       		.uleb128 0xb
 1439 0013 0B       		.uleb128 0xb
 1440 0014 3E       		.uleb128 0x3e
 1441 0015 0B       		.uleb128 0xb
 1442 0016 03       		.uleb128 0x3
 1443 0017 0E       		.uleb128 0xe
 1444 0018 00       		.byte	0
 1445 0019 00       		.byte	0
 1446 001a 03       		.uleb128 0x3
 1447 001b 16       		.uleb128 0x16
 1448 001c 00       		.byte	0
 1449 001d 03       		.uleb128 0x3
 1450 001e 0E       		.uleb128 0xe
 1451 001f 3A       		.uleb128 0x3a
 1452 0020 0B       		.uleb128 0xb
 1453 0021 3B       		.uleb128 0x3b
 1454 0022 0B       		.uleb128 0xb
 1455 0023 49       		.uleb128 0x49
 1456 0024 13       		.uleb128 0x13
 1457 0025 00       		.byte	0
 1458 0026 00       		.byte	0
 1459 0027 04       		.uleb128 0x4
 1460 0028 24       		.uleb128 0x24
 1461 0029 00       		.byte	0
 1462 002a 0B       		.uleb128 0xb
 1463 002b 0B       		.uleb128 0xb
 1464 002c 3E       		.uleb128 0x3e
 1465 002d 0B       		.uleb128 0xb
 1466 002e 03       		.uleb128 0x3
 1467 002f 08       		.uleb128 0x8
 1468 0030 00       		.byte	0
 1469 0031 00       		.byte	0
 1470 0032 05       		.uleb128 0x5
 1471 0033 01       		.uleb128 0x1
 1472 0034 01       		.byte	0x1
 1473 0035 49       		.uleb128 0x49
 1474 0036 13       		.uleb128 0x13
 1475 0037 01       		.uleb128 0x1
 1476 0038 13       		.uleb128 0x13
 1477 0039 00       		.byte	0
 1478 003a 00       		.byte	0
ARM GAS  C:\Users\vincent\AppData\Local\Temp\ccOG2qZf.s 			page 27


 1479 003b 06       		.uleb128 0x6
 1480 003c 21       		.uleb128 0x21
 1481 003d 00       		.byte	0
 1482 003e 49       		.uleb128 0x49
 1483 003f 13       		.uleb128 0x13
 1484 0040 2F       		.uleb128 0x2f
 1485 0041 05       		.uleb128 0x5
 1486 0042 00       		.byte	0
 1487 0043 00       		.byte	0
 1488 0044 07       		.uleb128 0x7
 1489 0045 26       		.uleb128 0x26
 1490 0046 00       		.byte	0
 1491 0047 49       		.uleb128 0x49
 1492 0048 13       		.uleb128 0x13
 1493 0049 00       		.byte	0
 1494 004a 00       		.byte	0
 1495 004b 08       		.uleb128 0x8
 1496 004c 34       		.uleb128 0x34
 1497 004d 00       		.byte	0
 1498 004e 03       		.uleb128 0x3
 1499 004f 0E       		.uleb128 0xe
 1500 0050 3A       		.uleb128 0x3a
 1501 0051 0B       		.uleb128 0xb
 1502 0052 3B       		.uleb128 0x3b
 1503 0053 0B       		.uleb128 0xb
 1504 0054 49       		.uleb128 0x49
 1505 0055 13       		.uleb128 0x13
 1506 0056 3F       		.uleb128 0x3f
 1507 0057 19       		.uleb128 0x19
 1508 0058 02       		.uleb128 0x2
 1509 0059 18       		.uleb128 0x18
 1510 005a 00       		.byte	0
 1511 005b 00       		.byte	0
 1512 005c 09       		.uleb128 0x9
 1513 005d 21       		.uleb128 0x21
 1514 005e 00       		.byte	0
 1515 005f 49       		.uleb128 0x49
 1516 0060 13       		.uleb128 0x13
 1517 0061 2F       		.uleb128 0x2f
 1518 0062 0B       		.uleb128 0xb
 1519 0063 00       		.byte	0
 1520 0064 00       		.byte	0
 1521 0065 0A       		.uleb128 0xa
 1522 0066 34       		.uleb128 0x34
 1523 0067 00       		.byte	0
 1524 0068 03       		.uleb128 0x3
 1525 0069 0E       		.uleb128 0xe
 1526 006a 3A       		.uleb128 0x3a
 1527 006b 0B       		.uleb128 0xb
 1528 006c 3B       		.uleb128 0x3b
 1529 006d 05       		.uleb128 0x5
 1530 006e 49       		.uleb128 0x49
 1531 006f 13       		.uleb128 0x13
 1532 0070 3F       		.uleb128 0x3f
 1533 0071 19       		.uleb128 0x19
 1534 0072 02       		.uleb128 0x2
 1535 0073 18       		.uleb128 0x18
ARM GAS  C:\Users\vincent\AppData\Local\Temp\ccOG2qZf.s 			page 28


 1536 0074 00       		.byte	0
 1537 0075 00       		.byte	0
 1538 0076 00       		.byte	0
 1539              		.section	.debug_aranges,"",%progbits
 1540 0000 14000000 		.4byte	0x14
 1541 0004 0200     		.2byte	0x2
 1542 0006 00000000 		.4byte	.Ldebug_info0
 1543 000a 04       		.byte	0x4
 1544 000b 00       		.byte	0
 1545 000c 0000     		.2byte	0
 1546 000e 0000     		.2byte	0
 1547 0010 00000000 		.4byte	0
 1548 0014 00000000 		.4byte	0
 1549              		.section	.debug_line,"",%progbits
 1550              	.Ldebug_line0:
 1551 0000 3D010000 		.section	.debug_str,"MS",%progbits,1
 1551      02003701 
 1551      00000201 
 1551      FB0E0D00 
 1551      01010101 
 1552              	.LASF9:
 1553 0000 5F5F7569 		.ascii	"__uint8_t\000"
 1553      6E74385F 
 1553      7400
 1554              	.LASF16:
 1555 000a 63795F6D 		.ascii	"cy_metadata\000"
 1555      65746164 
 1555      61746100 
 1556              	.LASF19:
 1557 0016 433A5C55 		.ascii	"C:\\Users\\vincent\\Documents\\PSoC Creator\\Reform"
 1557      73657273 
 1557      5C76696E 
 1557      63656E74 
 1557      5C446F63 
 1558 0044 6174576F 		.ascii	"atWorkspace\\Project1A.cydsn\000"
 1558      726B7370 
 1558      6163655C 
 1558      50726F6A 
 1558      65637431 
 1559              	.LASF1:
 1560 0060 756E7369 		.ascii	"unsigned char\000"
 1560      676E6564 
 1560      20636861 
 1560      7200
 1561              	.LASF17:
 1562 006e 474E5520 		.ascii	"GNU C11 5.4.1 20160609 (release) [ARM/embedded-5-br"
 1562      43313120 
 1562      352E342E 
 1562      31203230 
 1562      31363036 
 1563 00a1 616E6368 		.ascii	"anch revision 237715] -mcpu=cortex-m3 -mthumb -g -O"
 1563      20726576 
 1563      6973696F 
 1563      6E203233 
 1563      37373135 
 1564 00d4 67202D66 		.ascii	"g -ffunction-sections -ffat-lto-objects\000"
 1564      66756E63 
ARM GAS  C:\Users\vincent\AppData\Local\Temp\ccOG2qZf.s 			page 29


 1564      74696F6E 
 1564      2D736563 
 1564      74696F6E 
 1565              	.LASF5:
 1566 00fc 6C6F6E67 		.ascii	"long unsigned int\000"
 1566      20756E73 
 1566      69676E65 
 1566      6420696E 
 1566      7400
 1567              	.LASF3:
 1568 010e 73686F72 		.ascii	"short unsigned int\000"
 1568      7420756E 
 1568      7369676E 
 1568      65642069 
 1568      6E7400
 1569              	.LASF13:
 1570 0121 63795F6D 		.ascii	"cy_meta_custnvl\000"
 1570      6574615F 
 1570      63757374 
 1570      6E766C00 
 1571              	.LASF12:
 1572 0131 63795F6D 		.ascii	"cy_meta_configecc\000"
 1572      6574615F 
 1572      636F6E66 
 1572      69676563 
 1572      6300
 1573              	.LASF8:
 1574 0143 756E7369 		.ascii	"unsigned int\000"
 1574      676E6564 
 1574      20696E74 
 1574      00
 1575              	.LASF7:
 1576 0150 6C6F6E67 		.ascii	"long long unsigned int\000"
 1576      206C6F6E 
 1576      6720756E 
 1576      7369676E 
 1576      65642069 
 1577              	.LASF10:
 1578 0167 75696E74 		.ascii	"uint8_t\000"
 1578      385F7400 
 1579              	.LASF15:
 1580 016f 63795F6D 		.ascii	"cy_meta_flashprotect\000"
 1580      6574615F 
 1580      666C6173 
 1580      6870726F 
 1580      74656374 
 1581              	.LASF14:
 1582 0184 63795F6D 		.ascii	"cy_meta_wonvl\000"
 1582      6574615F 
 1582      776F6E76 
 1582      6C00
 1583              	.LASF11:
 1584 0192 73697A65 		.ascii	"sizetype\000"
 1584      74797065 
 1584      00
 1585              	.LASF6:
 1586 019b 6C6F6E67 		.ascii	"long long int\000"
ARM GAS  C:\Users\vincent\AppData\Local\Temp\ccOG2qZf.s 			page 30


 1586      206C6F6E 
 1586      6720696E 
 1586      7400
 1587              	.LASF2:
 1588 01a9 73686F72 		.ascii	"short int\000"
 1588      7420696E 
 1588      7400
 1589              	.LASF4:
 1590 01b3 6C6F6E67 		.ascii	"long int\000"
 1590      20696E74 
 1590      00
 1591              	.LASF0:
 1592 01bc 7369676E 		.ascii	"signed char\000"
 1592      65642063 
 1592      68617200 
 1593              	.LASF18:
 1594 01c8 47656E65 		.ascii	"Generated_Source\\PSoC5\\cymetadata.c\000"
 1594      72617465 
 1594      645F536F 
 1594      75726365 
 1594      5C50536F 
 1595              		.ident	"GCC: (GNU Tools for ARM Embedded Processors) 5.4.1 20160609 (release) [ARM/embedded-5-bran
